▲ Next.js 16.2.9 (webpack)
- Local:         http://localhost:3000
- Network:       http://172.17.144.1:3000
- Environments: .env.local
✓ Ready in 556ms
⚠ Warning: Next.js inferred your workspace root, but it may not be correct.
 We detected multiple lockfiles and selected the directory of c:\Users\Varun\package-lock.json as the root directory.
 To silence this warning, set `outputFileTracingRoot` in your Next.js config, or consider removing one of the lockfiles if it's not needed.
   See https://nextjs.org/docs/app/api-reference/config/next-config-js/output#caveats for more information.
 Detected additional lockfiles: 
   * c:\Users\Varun\Desktop\hacky_finale\package-lock.json


 GET / 404 in 1302ms (next.js: 1240ms, application-code: 62ms)
 GET /api/0g/fetch 200 in 1581ms (next.js: 1549ms, application-code: 32ms)
 GET /api/0g/fetch 200 in 7ms (next.js: 3ms, application-code: 5ms)
 GET /api/wallet/balances?address=0xd8dA6BF26964aF9D7eEd9e03E53415D37aA96045&chain=base 200 in 2.1s (next.js: 360ms, application-code: 1729ms)
 GET /api/0g/fetch 200 in 12ms (next.js: 7ms, application-code: 5ms)
 GET /api/security/scan?address=0xd8dA6BF26964aF9D7eEd9e03E53415D37aA96045&chain=base 200 in 45s (next.js: 381ms, application-code: 45s)
 GET /api/0g/fetch 200 in 16ms (next.js: 8ms, application-code: 8ms)
 POST /api/ai/analyze 200 in 3.9s (next.js: 244ms, application-code: 3.7s)
 GET /api/0g/fetch 200 in 14ms (next.js: 9ms, application-code: 6ms)
 POST /api/0g/store 500 in 4.8s (next.js: 237ms, application-code: 4.6s)
 GET /api/0g/fetch 200 in 17ms (next.js: 6ms, application-code: 11ms)
 GET /api/0g/fetch 200 in 7ms (next.js: 1659µs, application-code: 6ms)
 GET /api/0g/fetch 200 in 5ms (next.js: 1157µs, application-code: 4ms)
 GET /api/routes/best?fromToken=ETH&toToken=USDC&amount=1 200 in 2.5s (next.js: 215ms, application-code: 2.3s)
 GET /api/0g/fetch 200 in 15ms (next.js: 9ms, application-code: 6ms)
 GET /api/wallet/balances?address=0xd8dA6BF26964aF9D7eEd9e03E53415D37aA96045&chain=eth 400 in 1090ms (next.js: 134ms, application-code: 956ms)
 GET /api/wallet/balances?address=0xd8dA6BF26964aF9D7eEd9e03E53415D37aA96045&chain=eth 400 in 264ms (next.js: 3ms, application-code: 261ms)
 GET /api/wallet/balances?address=0xd8dA6BF26964aF9D7eEd9e03E53415D37aA96045&chain=eth 400 in 268ms (next.js: 3ms, application-code: 264ms)
 GET /api/wallet/balances?address=0xd8dA6BF26964aF9D7eEd9e03E53415D37aA96045&chain=eth 400 in 344ms (next.js: 4ms, application-code: 340ms)
 GET /api/wallet/balances?address=0xd8dA6BF26964aF9D7eEd9e03E53415D37aA96045&chain=base 200 in 2.5s (next.js: 134ms, application-code: 2.3s)
 GET /api/wallet/balances?address=0xd8dA6BF26964aF9D7eEd9e03E53415D37aA96045&chain=eth 400 in 272ms (next.js: 3ms, application-code: 269ms)
 GET /api/wallet/balances?address=0xd8dA6BF26964aF9D7eEd9e03E53415D37aA96045&chain=arbitrum 200 in 3.0s (next.js: 134ms, application-code: 2.8s)
 GET /api/wallet/balances?address=0xd8dA6BF26964aF9D7eEd9e03E53415D37aA96045&chain=bsc 200 in 3.0s (next.js: 134ms, application-code: 2.9s)
 GET /api/wallet/balances?address=0xd8dA6BF26964aF9D7eEd9e03E53415D37aA96045&chain=polygon 200 in 3.1s (next.js: 134ms, application-code: 2.9s)
 GET /api/wallet/balances?address=0xd8dA6BF26964aF9D7eEd9e03E53415D37aA96045&chain=base 304 in 1429ms (next.js: 3ms, application-code: 1426ms)
 GET /api/wallet/balances?address=0xd8dA6BF26964aF9D7eEd9e03E53415D37aA96045&chain=arbitrum 304 in 2.1s (next.js: 5ms, application-code: 2.1s)
 GET /api/wallet/balances?address=0xd8dA6BF26964aF9D7eEd9e03E53415D37aA96045&chain=base 200 in 1604ms (next.js: 3ms, application-code: 1601ms)
 GET /api/wallet/balances?address=0xd8dA6BF26964aF9D7eEd9e03E53415D37aA96045&chain=eth 400 in 293ms (next.js: 3ms, application-code: 290ms)
 GET /api/wallet/balances?address=0xd8dA6BF26964aF9D7eEd9e03E53415D37aA96045&chain=polygon 304 in 2.3s (next.js: 9ms, application-code: 2.3s)
 GET /api/wallet/balances?address=0xd8dA6BF26964aF9D7eEd9e03E53415D37aA96045&chain=eth 400 in 393ms (next.js: 3ms, application-code: 390ms)
 GET /api/wallet/balances?address=0xd8dA6BF26964aF9D7eEd9e03E53415D37aA96045&chain=eth 400 in 320ms (next.js: 1623µs, application-code: 318ms)
 GET /api/wallet/balances?address=0xd8dA6BF26964aF9D7eEd9e03E53415D37aA96045&chain=arbitrum 200 in 2.2s (next.js: 3ms, application-code: 2.2s)
 GET /api/wallet/balances?address=0xd8dA6BF26964aF9D7eEd9e03E53415D37aA96045&chain=bsc 200 in 3.2s (next.js: 5ms, application-code: 3.2s)
 GET /api/wallet/balances?address=0xd8dA6BF26964aF9D7eEd9e03E53415D37aA96045&chain=base 304 in 1407ms (next.js: 3ms, application-code: 1404ms)
 GET /api/wallet/balances?address=0xd8dA6BF26964aF9D7eEd9e03E53415D37aA96045&chain=eth 400 in 324ms (next.js: 4ms, application-code: 320ms)
 GET /api/wallet/balances?address=0xd8dA6BF26964aF9D7eEd9e03E53415D37aA96045&chain=bsc 200 in 3.0s (next.js: 5ms, application-code: 3.0s)
 GET /api/wallet/balances?address=0xd8dA6BF26964aF9D7eEd9e03E53415D37aA96045&chain=polygon 200 in 2.1s (next.js: 2ms, application-code: 2.1s)
 GET /api/wallet/balances?address=0xd8dA6BF26964aF9D7eEd9e03E53415D37aA96045&chain=eth 400 in 268ms (next.js: 3ms, application-code: 266ms)
 GET /api/wallet/balances?address=0xd8dA6BF26964aF9D7eEd9e03E53415D37aA96045&chain=base 200 in 1192ms (next.js: 2ms, application-code: 1189ms)
 GET /api/wallet/balances?address=0xd8dA6BF26964aF9D7eEd9e03E53415D37aA96045&chain=arbitrum 304 in 2.3s (next.js: 3ms, application-code: 2.3s)
 GET /api/wallet/balances?address=0xd8dA6BF26964aF9D7eEd9e03E53415D37aA96045&chain=arbitrum 200 in 1813ms (next.js: 3ms, application-code: 1809ms)
 GET /api/wallet/balances?address=0xd8dA6BF26964aF9D7eEd9e03E53415D37aA96045&chain=eth 400 in 283ms (next.js: 5ms, application-code: 278ms)
 GET /api/security/scan?address=0xd8dA6BF26964aF9D7eEd9e03E53415D37aA96045&chain=eth 400 in 321ms (next.js: 39ms, application-code: 281ms)
 GET /api/wallet/balances?address=0xd8dA6BF26964aF9D7eEd9e03E53415D37aA96045&chain=bsc 200 in 2.3s (next.js: 3ms, application-code: 2.3s)
 GET /api/wallet/balances?address=0xd8dA6BF26964aF9D7eEd9e03E53415D37aA96045&chain=polygon 304 in 2.3s (next.js: 3ms, application-code: 2.3s)
 GET /api/wallet/balances?address=0xd8dA6BF26964aF9D7eEd9e03E53415D37aA96045&chain=bsc 200 in 2.4s (next.js: 3ms, application-code: 2.4s)
 GET /api/wallet/balances?address=0xd8dA6BF26964aF9D7eEd9e03E53415D37aA96045&chain=eth 400 in 265ms (next.js: 3ms, application-code: 262ms)
 GET /api/security/scan?address=0xd8dA6BF26964aF9D7eEd9e03E53415D37aA96045&chain=eth 400 in 281ms (next.js: 5ms, application-code: 276ms)
 GET /api/wallet/balances?address=0xd8dA6BF26964aF9D7eEd9e03E53415D37aA96045&chain=base 200 in 1381ms (next.js: 4ms, application-code: 1378ms)
 GET /api/wallet/balances?address=0xd8dA6BF26964aF9D7eEd9e03E53415D37aA96045&chain=polygon 200 in 2.2s (next.js: 4ms, application-code: 2.2s)
 GET /api/wallet/balances?address=0xd8dA6BF26964aF9D7eEd9e03E53415D37aA96045&chain=base 304 in 1477ms (next.js: 3ms, application-code: 1474ms)
 GET /api/wallet/balances?address=0xd8dA6BF26964aF9D7eEd9e03E53415D37aA96045&chain=eth 400 in 266ms (next.js: 3ms, application-code: 263ms)
 GET /api/security/scan?address=0xd8dA6BF26964aF9D7eEd9e03E53415D37aA96045&chain=eth 400 in 282ms (next.js: 3ms, application-code: 279ms)
 GET /api/wallet/balances?address=0xd8dA6BF26964aF9D7eEd9e03E53415D37aA96045&chain=arbitrum 304 in 1819ms (next.js: 3ms, application-code: 1816ms)
 GET /api/wallet/balances?address=0xd8dA6BF26964aF9D7eEd9e03E53415D37aA96045&chain=arbitrum 200 in 1670ms (next.js: 2ms, application-code: 1668ms)
 GET /api/wallet/balances?address=0xd8dA6BF26964aF9D7eEd9e03E53415D37aA96045&chain=bsc 304 in 2.3s (next.js: 3ms, application-code: 2.3s)
 GET /api/wallet/balances?address=0xd8dA6BF26964aF9D7eEd9e03E53415D37aA96045&chain=bsc 200 in 2.2s (next.js: 3ms, application-code: 2.2s)
 GET /api/wallet/balances?address=0xd8dA6BF26964aF9D7eEd9e03E53415D37aA96045&chain=base 304 in 1551ms (next.js: 4ms, application-code: 1547ms)
 GET /api/wallet/balances?address=0xd8dA6BF26964aF9D7eEd9e03E53415D37aA96045&chain=polygon 304 in 2.2s (next.js: 5ms, application-code: 2.2s)
 GET /api/wallet/balances?address=0xd8dA6BF26964aF9D7eEd9e03E53415D37aA96045&chain=base 200 in 1518ms (next.js: 2ms, application-code: 1516ms)
 GET /api/0g/fetch 200 in 15ms (next.js: 3ms, application-code: 12ms)
 GET /api/security/scan?address=0xd8dA6BF26964aF9D7eEd9e03E53415D37aA96045&chain=eth 400 in 291ms (next.js: 4ms, application-code: 287ms)
 GET /api/wallet/balances?address=0xd8dA6BF26964aF9D7eEd9e03E53415D37aA96045&chain=eth 400 in 280ms (next.js: 3ms, application-code: 277ms)
 GET /api/wallet/balances?address=0xd8dA6BF26964aF9D7eEd9e03E53415D37aA96045&chain=polygon 200 in 2.2s (next.js: 3ms, application-code: 2.2s)
 GET /api/wallet/balances?address=0xd8dA6BF26964aF9D7eEd9e03E53415D37aA96045&chain=eth 400 in 311ms (next.js: 3ms, application-code: 307ms)
 GET /api/security/scan?address=0xd8dA6BF26964aF9D7eEd9e03E53415D37aA96045&chain=eth 400 in 288ms (next.js: 4ms, application-code: 284ms)
 GET /api/wallet/balances?address=0xd8dA6BF26964aF9D7eEd9e03E53415D37aA96045&chain=arbitrum 304 in 2.1s (next.js: 2ms, application-code: 2.1s)
 GET /api/wallet/balances?address=0xd8dA6BF26964aF9D7eEd9e03E53415D37aA96045&chain=arbitrum 200 in 2.1s (next.js: 2ms, application-code: 2.1s)
 GET /api/wallet/balances?address=0xd8dA6BF26964aF9D7eEd9e03E53415D37aA96045&chain=base 304 in 1772ms (next.js: 3ms, application-code: 1769ms)
 GET /api/0g/fetch 304 in 7ms (next.js: 2ms, application-code: 5ms)
 GET /api/wallet/balances?address=0xd8dA6BF26964aF9D7eEd9e03E53415D37aA96045&chain=base 200 in 2.0s (next.js: 3ms, application-code: 2.0s)
 GET /api/wallet/balances?address=0xd8dA6BF26964aF9D7eEd9e03E53415D37aA96045&chain=eth 400 in 272ms (next.js: 2ms, application-code: 270ms)
 GET /api/0g/fetch 200 in 7ms (next.js: 1951µs, application-code: 5ms)
 GET /api/wallet/balances?address=0xd8dA6BF26964aF9D7eEd9e03E53415D37aA96045&chain=bsc 200 in 2.4s (next.js: 3ms, application-code: 2.4s)
 GET /api/security/scan?address=0xd8dA6BF26964aF9D7eEd9e03E53415D37aA96045&chain=eth 400 in 283ms (next.js: 3ms, application-code: 279ms)
 GET /api/wallet/balances?address=0xd8dA6BF26964aF9D7eEd9e03E53415D37aA96045&chain=bsc 200 in 2.8s (next.js: 3ms, application-code: 2.8s)
 GET /api/wallet/balances?address=0xd8dA6BF26964aF9D7eEd9e03E53415D37aA96045&chain=base 304 in 1156ms (next.js: 2ms, application-code: 1153ms)
 GET /api/wallet/balances?address=0xd8dA6BF26964aF9D7eEd9e03E53415D37aA96045&chain=eth 400 in 288ms (next.js: 2ms, application-code: 286ms)
 GET /api/0g/fetch 304 in 6ms (next.js: 1679µs, application-code: 5ms)
 GET /api/wallet/balances?address=0xd8dA6BF26964aF9D7eEd9e03E53415D37aA96045&chain=polygon 304 in 2.1s (next.js: 3ms, application-code: 2.1s)
 GET /api/wallet/balances?address=0xd8dA6BF26964aF9D7eEd9e03E53415D37aA96045&chain=polygon 200 in 2.1s (next.js: 3ms, application-code: 2.1s)
 GET /api/wallet/balances?address=0xd8dA6BF26964aF9D7eEd9e03E53415D37aA96045&chain=base 200 in 1425ms (next.js: 6ms, application-code: 1420ms)
 GET /api/0g/fetch 200 in 11ms (next.js: 1724µs, application-code: 10ms)
 GET /api/wallet/balances?address=0xd8dA6BF26964aF9D7eEd9e03E53415D37aA96045&chain=arbitrum 304 in 1962ms (next.js: 1991µs, application-code: 1960ms)
 GET /api/wallet/balances?address=0xd8dA6BF26964aF9D7eEd9e03E53415D37aA96045&chain=arbitrum 200 in 1984ms (next.js: 2ms, application-code: 1982ms)
 GET /api/security/scan?address=0xd8dA6BF26964aF9D7eEd9e03E53415D37aA96045&chain=eth 400 in 276ms (next.js: 5ms, application-code: 271ms)
 GET /api/wallet/balances?address=0xd8dA6BF26964aF9D7eEd9e03E53415D37aA96045&chain=base 304 in 1507ms (next.js: 1906µs, application-code: 1505ms)
 GET /api/wallet/balances?address=0xd8dA6BF26964aF9D7eEd9e03E53415D37aA96045&chain=base 200 in 1649ms (next.js: 2ms, application-code: 1647ms)
 GET /api/wallet/balances?address=0xd8dA6BF26964aF9D7eEd9e03E53415D37aA96045&chain=polygon 304 in 2.1s (next.js: 1894µs, application-code: 2.1s)
 GET /api/0g/fetch 200 in 10ms (next.js: 2ms, application-code: 8ms)
 GET /api/wallet/balances?address=0xd8dA6BF26964aF9D7eEd9e03E53415D37aA96045&chain=polygon 200 in 2.1s (next.js: 1988µs, application-code: 2.1s)
 GET /api/wallet/balances?address=0xd8dA6BF26964aF9D7eEd9e03E53415D37aA96045&chain=bsc 200 in 2.4s (next.js: 3ms, application-code: 2.4s)
 GET /api/wallet/balances?address=0xd8dA6BF26964aF9D7eEd9e03E53415D37aA96045&chain=bsc 200 in 2.5s (next.js: 4ms, application-code: 2.5s)
 GET /api/security/scan?address=0xd8dA6BF26964aF9D7eEd9e03E53415D37aA96045&chain=eth 400 in 268ms (next.js: 4ms, application-code: 263ms)
 GET /api/0g/fetch 304 in 9ms (next.js: 2ms, application-code: 7ms)
 GET /api/wallet/balances?address=0xd8dA6BF26964aF9D7eEd9e03E53415D37aA96045&chain=eth 400 in 310ms (next.js: 2ms, application-code: 308ms)
 GET /api/wallet/balances?address=0xd8dA6BF26964aF9D7eEd9e03E53415D37aA96045&chain=arbitrum 304 in 1927ms (next.js: 5ms, application-code: 1922ms)
 GET /api/wallet/balances?address=0xd8dA6BF26964aF9D7eEd9e03E53415D37aA96045&chain=base 304 in 1412ms (next.js: 3ms, application-code: 1408ms)
 GET /api/wallet/balances?address=0xd8dA6BF26964aF9D7eEd9e03E53415D37aA96045&chain=base 200 in 1347ms (next.js: 5ms, application-code: 1341ms)
 GET /api/0g/fetch 200 in 8ms (next.js: 2ms, application-code: 6ms)
 GET /api/wallet/balances?address=0xd8dA6BF26964aF9D7eEd9e03E53415D37aA96045&chain=arbitrum 200 in 1922ms (next.js: 3ms, application-code: 1919ms)
 GET /api/wallet/balances?address=0xd8dA6BF26964aF9D7eEd9e03E53415D37aA96045&chain=polygon 304 in 2.3s (next.js: 3ms, application-code: 2.3s)
 GET /api/wallet/balances?address=0xd8dA6BF26964aF9D7eEd9e03E53415D37aA96045&chain=base 304 in 1220ms (next.js: 2ms, application-code: 1218ms)
 GET /api/wallet/balances?address=0xd8dA6BF26964aF9D7eEd9e03E53415D37aA96045&chain=polygon 200 in 2.6s (next.js: 4ms, application-code: 2.6s)
 GET /api/security/scan?address=0xd8dA6BF26964aF9D7eEd9e03E53415D37aA96045&chain=eth 400 in 260ms (next.js: 4ms, application-code: 257ms)
 GET /api/wallet/balances?address=0xd8dA6BF26964aF9D7eEd9e03E53415D37aA96045&chain=arbitrum 304 in 2.0s (next.js: 2ms, application-code: 2.0s)
 GET /api/wallet/balances?address=0xd8dA6BF26964aF9D7eEd9e03E53415D37aA96045&chain=bsc 304 in 2.3s (next.js: 3ms, application-code: 2.3s)
 GET /api/0g/fetch 200 in 10ms (next.js: 3ms, application-code: 8ms)
 GET /api/wallet/balances?address=0xd8dA6BF26964aF9D7eEd9e03E53415D37aA96045&chain=base 200 in 1457ms (next.js: 2ms, application-code: 1455ms)
 GET /api/wallet/balances?address=0xd8dA6BF26964aF9D7eEd9e03E53415D37aA96045&chain=arbitrum 200 in 1966ms (next.js: 2ms, application-code: 1964ms)
 GET /api/wallet/balances?address=0xd8dA6BF26964aF9D7eEd9e03E53415D37aA96045&chain=bsc 200 in 3.0s (next.js: 4ms, application-code: 3.0s)
 GET /api/wallet/balances?address=0xd8dA6BF26964aF9D7eEd9e03E53415D37aA96045&chain=base 304 in 1176ms (next.js: 3ms, application-code: 1174ms)
 GET /api/wallet/balances?address=0xd8dA6BF26964aF9D7eEd9e03E53415D37aA96045&chain=polygon 304 in 2.1s (next.js: 3ms, application-code: 2.1s)
 GET /api/wallet/balances?address=0xd8dA6BF26964aF9D7eEd9e03E53415D37aA96045&chain=arbitrum 304 in 1968ms (next.js: 2ms, application-code: 1965ms)
 GET /api/wallet/balances?address=0xd8dA6BF26964aF9D7eEd9e03E53415D37aA96045&chain=arbitrum 200 in 1966ms (next.js: 3ms, application-code: 1964ms)
 GET /api/wallet/balances?address=0xd8dA6BF26964aF9D7eEd9e03E53415D37aA96045&chain=polygon 200 in 2.8s (next.js: 2ms, application-code: 2.8s)
 GET /api/wallet/balances?address=0xd8dA6BF26964aF9D7eEd9e03E53415D37aA96045&chain=base 200 in 1267ms (next.js: 3ms, application-code: 1264ms)
 GET /api/wallet/balances?address=0xd8dA6BF26964aF9D7eEd9e03E53415D37aA96045&chain=bsc 200 in 2.2s (next.js: 3ms, application-code: 2.2s)
 GET /api/wallet/balances?address=0xd8dA6BF26964aF9D7eEd9e03E53415D37aA96045&chain=bsc 200 in 2.1s (next.js: 1908µs, application-code: 2.1s)
 GET /api/wallet/balances?address=0xd8dA6BF26964aF9D7eEd9e03E53415D37aA96045&chain=arbitrum 304 in 2.1s (next.js: 3ms, application-code: 2.1s)
 GET /api/wallet/balances?address=0xd8dA6BF26964aF9D7eEd9e03E53415D37aA96045&chain=polygon 304 in 2.1s (next.js: 4ms, application-code: 2.1s)
 GET /api/wallet/balances?address=0xd8dA6BF26964aF9D7eEd9e03E53415D37aA96045&chain=polygon 200 in 2.1s (next.js: 3ms, application-code: 2.1s)
 GET /api/wallet/balances?address=0xd8dA6BF26964aF9D7eEd9e03E53415D37aA96045&chain=bsc 200 in 2.2s (next.js: 2ms, application-code: 2.2s)
 GET /api/wallet/balances?address=0xd8dA6BF26964aF9D7eEd9e03E53415D37aA96045&chain=arbitrum 200 in 2.0s (next.js: 1954µs, application-code: 2.0s)
 GET /api/wallet/balances?address=0xd8dA6BF26964aF9D7eEd9e03E53415D37aA96045&chain=base 200 in 1613ms (next.js: 2ms, application-code: 1611ms)
 GET /api/wallet/balances?address=0xd8dA6BF26964aF9D7eEd9e03E53415D37aA96045&chain=polygon 304 in 2.2s (next.js: 2ms, application-code: 2.2s)
 GET /api/wallet/balances?address=0xd8dA6BF26964aF9D7eEd9e03E53415D37aA96045&chain=bsc 304 in 2.2s (next.js: 4ms, application-code: 2.2s)
 GET /api/wallet/balances?address=0xd8dA6BF26964aF9D7eEd9e03E53415D37aA96045&chain=arbitrum 304 in 1934ms (next.js: 4ms, application-code: 1931ms)
 GET /api/wallet/balances?address=0xd8dA6BF26964aF9D7eEd9e03E53415D37aA96045&chain=polygon 200 in 2.1s (next.js: 3ms, application-code: 2.1s)
 GET /api/wallet/balances?address=0xd8dA6BF26964aF9D7eEd9e03E53415D37aA96045&chain=bsc 200 in 2.3s (next.js: 2ms, application-code: 2.3s)
 GET /api/wallet/balances?address=0xd8dA6BF26964aF9D7eEd9e03E53415D37aA96045&chain=arbitrum 200 in 1914ms (next.js: 4ms, application-code: 1910ms)
 GET /api/wallet/balances?address=0xd8dA6BF26964aF9D7eEd9e03E53415D37aA96045&chain=polygon 304 in 2.2s (next.js: 3ms, application-code: 2.1s)
 GET /api/wallet/balances?address=0xd8dA6BF26964aF9D7eEd9e03E53415D37aA96045&chain=arbitrum 304 in 2.0s (next.js: 4ms, application-code: 2.0s)
 GET /api/wallet/balances?address=0xd8dA6BF26964aF9D7eEd9e03E53415D37aA96045&chain=bsc 200 in 2.8s (next.js: 2ms, application-code: 2.8s)
 GET /api/wallet/balances?address=0xd8dA6BF26964aF9D7eEd9e03E53415D37aA96045&chain=polygon 200 in 2.2s (next.js: 2ms, application-code: 2.2s)
 GET /api/wallet/balances?address=0xd8dA6BF26964aF9D7eEd9e03E53415D37aA96045&chain=arbitrum 200 in 2.0s (next.js: 2ms, application-code: 2.0s)
 GET /api/wallet/balances?address=0xd8dA6BF26964aF9D7eEd9e03E53415D37aA96045&chain=bsc 200 in 2.5s (next.js: 1308µs, application-code: 2.5s)
 GET /api/wallet/balances?address=0xd8dA6BF26964aF9D7eEd9e03E53415D37aA96045&chain=polygon 304 in 2.8s (next.js: 3ms, application-code: 2.7s)
 GET /api/wallet/balances?address=0xd8dA6BF26964aF9D7eEd9e03E53415D37aA96045&chain=bsc 304 in 2.1s (next.js: 3ms, application-code: 2.1s)
 GET /api/wallet/balances?address=0xd8dA6BF26964aF9D7eEd9e03E53415D37aA96045&chain=polygon 200 in 2.2s (next.js: 1913µs, application-code: 2.2s)
 GET /api/wallet/balances?address=0xd8dA6BF26964aF9D7eEd9e03E53415D37aA96045&chain=bsc 200 in 2.2s (next.js: 5ms, application-code: 2.2s)
 GET /api/security/scan?address=0xd8dA6BF26964aF9D7eEd9e03E53415D37aA96045&chain=eth 400 in 834ms (next.js: 6ms, application-code: 828ms)
 GET /api/security/scan?address=0xd8dA6BF26964aF9D7eEd9e03E53415D37aA96045&chain=eth 400 in 298ms (next.js: 4ms, application-code: 295ms)
 GET /api/wallet/balances?address=0xd8dA6BF26964aF9D7eEd9e03E53415D37aA96045&chain=eth 400 in 268ms (next.js: 5ms, application-code: 263ms)
 GET /api/wallet/balances?address=0xd8dA6BF26964aF9D7eEd9e03E53415D37aA96045&chain=eth 400 in 319ms (next.js: 5ms, application-code: 314ms)
 GET /api/security/scan?address=0xd8dA6BF26964aF9D7eEd9e03E53415D37aA96045&chain=eth 400 in 294ms (next.js: 10ms, application-code: 284ms)
 GET /api/wallet/balances?address=0xd8dA6BF26964aF9D7eEd9e03E53415D37aA96045&chain=eth 400 in 265ms (next.js: 3ms, application-code: 262ms)
 GET /api/security/scan?address=0xd8dA6BF26964aF9D7eEd9e03E53415D37aA96045&chain=eth 400 in 276ms (next.js: 4ms, application-code: 272ms)
 GET /api/wallet/balances?address=0xd8dA6BF26964aF9D7eEd9e03E53415D37aA96045&chain=base 200 in 1465ms (next.js: 2ms, application-code: 1463ms)
 GET /api/wallet/balances?address=0xd8dA6BF26964aF9D7eEd9e03E53415D37aA96045&chain=eth 400 in 266ms (next.js: 1827µs, application-code: 265ms)
 GET /api/0g/fetch 200 in 9ms (next.js: 2ms, application-code: 7ms)
 GET /api/0g/fetch 304 in 10ms (next.js: 2ms, application-code: 8ms)
 GET /api/0g/fetch 200 in 9ms (next.js: 2ms, application-code: 7ms)
 GET /api/wallet/balances?address=0xd8dA6BF26964aF9D7eEd9e03E53415D37aA96045&chain=arbitrum 200 in 2.0s (next.js: 3ms, application-code: 2.0s)
 GET /api/wallet/balances?address=0xd8dA6BF26964aF9D7eEd9e03E53415D37aA96045&chain=polygon 200 in 2.2s (next.js: 3ms, application-code: 2.2s)
 GET /api/wallet/balances?address=0xd8dA6BF26964aF9D7eEd9e03E53415D37aA96045&chain=eth 400 in 410ms (next.js: 2ms, application-code: 408ms)
 GET /api/wallet/balances?address=0xd8dA6BF26964aF9D7eEd9e03E53415D37aA96045&chain=bsc 200 in 2.4s (next.js: 3ms, application-code: 2.4s)
 GET /api/0g/fetch 200 in 7ms (next.js: 1636µs, application-code: 5ms)
 GET /api/0g/fetch 200 in 13ms (next.js: 2ms, application-code: 11ms)
 GET /api/wallet/balances?address=0xd8dA6BF26964aF9D7eEd9e03E53415D37aA96045&chain=base 304 in 1379ms (next.js: 4ms, application-code: 1375ms)
 GET /api/security/scan?address=0xd8dA6BF26964aF9D7eEd9e03E53415D37aA96045&chain=eth 400 in 274ms (next.js: 4ms, application-code: 271ms)
 GET /api/security/scan?address=0xd8dA6BF26964aF9D7eEd9e03E53415D37aA96045&chain=eth 400 in 279ms (next.js: 4ms, application-code: 275ms)
 GET /api/wallet/balances?address=0xd8dA6BF26964aF9D7eEd9e03E53415D37aA96045&chain=arbitrum 304 in 2.1s (next.js: 3ms, application-code: 2.1s)
 GET /api/wallet/balances?address=0xd8dA6BF26964aF9D7eEd9e03E53415D37aA96045&chain=base 200 in 1631ms (next.js: 2ms, application-code: 1629ms)
 GET /api/wallet/balances?address=0xd8dA6BF26964aF9D7eEd9e03E53415D37aA96045&chain=polygon 304 in 2.2s (next.js: 2ms, application-code: 2.2s)
 GET /api/wallet/balances?address=0xd8dA6BF26964aF9D7eEd9e03E53415D37aA96045&chain=eth 400 in 253ms (next.js: 2ms, application-code: 251ms)
 GET /api/wallet/balances?address=0xd8dA6BF26964aF9D7eEd9e03E53415D37aA96045&chain=bsc 200 in 2.3s (next.js: 2ms, application-code: 2.3s)
 GET /api/0g/fetch 200 in 10ms (next.js: 3ms, application-code: 7ms)
 GET /api/0g/fetch 304 in 11ms (next.js: 1836µs, application-code: 9ms)
 GET /api/wallet/balances?address=0xd8dA6BF26964aF9D7eEd9e03E53415D37aA96045&chain=eth 400 in 329ms (next.js: 6ms, application-code: 323ms)
 GET /api/0g/fetch 200 in 11ms (next.js: 3ms, application-code: 8ms)
 GET /api/wallet/balances?address=0xd8dA6BF26964aF9D7eEd9e03E53415D37aA96045&chain=arbitrum 200 in 2.1s (next.js: 2ms, application-code: 2.1s)
 GET /api/wallet/balances?address=0xd8dA6BF26964aF9D7eEd9e03E53415D37aA96045&chain=eth 400 in 346ms (next.js: 1029µs, application-code: 345ms)
 GET /api/wallet/balances?address=0xd8dA6BF26964aF9D7eEd9e03E53415D37aA96045&chain=polygon 200 in 2.1s (next.js: 3ms, application-code: 2.1s)
 GET /api/wallet/balances?address=0xd8dA6BF26964aF9D7eEd9e03E53415D37aA96045&chain=base 304 in 1188ms (next.js: 3ms, application-code: 1185ms)
 GET /api/wallet/balances?address=0xd8dA6BF26964aF9D7eEd9e03E53415D37aA96045&chain=bsc 200 in 2.2s (next.js: 1709µs, application-code: 2.1s)
 GET /api/wallet/balances?address=0xd8dA6BF26964aF9D7eEd9e03E53415D37aA96045&chain=base 200 in 1145ms (next.js: 1038µs, application-code: 1144ms)
 GET /api/wallet/balances?address=0xd8dA6BF26964aF9D7eEd9e03E53415D37aA96045&chain=arbitrum 304 in 2.1s (next.js: 3ms, application-code: 2.1s)
 GET /api/wallet/balances?address=0xd8dA6BF26964aF9D7eEd9e03E53415D37aA96045&chain=base 304 in 1664ms (next.js: 2ms, application-code: 1661ms)
 GET /api/wallet/balances?address=0xd8dA6BF26964aF9D7eEd9e03E53415D37aA96045&chain=bsc 304 in 2.1s (next.js: 2ms, application-code: 2.1s)
 GET /api/wallet/balances?address=0xd8dA6BF26964aF9D7eEd9e03E53415D37aA96045&chain=base 200 in 1713ms (next.js: 2ms, application-code: 1711ms)
 GET /api/wallet/balances?address=0xd8dA6BF26964aF9D7eEd9e03E53415D37aA96045&chain=arbitrum 200 in 2.4s (next.js: 2ms, application-code: 2.4s)
 GET /api/wallet/balances?address=0xd8dA6BF26964aF9D7eEd9e03E53415D37aA96045&chain=polygon 200 in 2.2s (next.js: 8ms, application-code: 2.2s)
 GET /api/wallet/balances?address=0xd8dA6BF26964aF9D7eEd9e03E53415D37aA96045&chain=base 304 in 1291ms (next.js: 3ms, application-code: 1288ms)
 GET /api/wallet/balances?address=0xd8dA6BF26964aF9D7eEd9e03E53415D37aA96045&chain=bsc 200 in 2.5s (next.js: 9ms, application-code: 2.5s)
 GET /api/wallet/balances?address=0xd8dA6BF26964aF9D7eEd9e03E53415D37aA96045&chain=polygon 200 in 6.0s (next.js: 1080µs, application-code: 6.0s)
 GET /api/wallet/balances?address=0xd8dA6BF26964aF9D7eEd9e03E53415D37aA96045&chain=arbitrum 304 in 2.0s (next.js: 7ms, application-code: 2.0s)
 GET /api/wallet/balances?address=0xd8dA6BF26964aF9D7eEd9e03E53415D37aA96045&chain=base 200 in 1665ms (next.js: 25ms, application-code: 1640ms)
 GET /api/wallet/balances?address=0xd8dA6BF26964aF9D7eEd9e03E53415D37aA96045&chain=bsc 200 in 2.3s (next.js: 9ms, application-code: 2.3s)
 GET /api/wallet/balances?address=0xd8dA6BF26964aF9D7eEd9e03E53415D37aA96045&chain=base 304 in 1208ms (next.js: 4ms, application-code: 1204ms)
 GET /api/wallet/balances?address=0xd8dA6BF26964aF9D7eEd9e03E53415D37aA96045&chain=arbitrum 200 in 2.4s (next.js: 6ms, application-code: 2.4s)
 GET /api/wallet/balances?address=0xd8dA6BF26964aF9D7eEd9e03E53415D37aA96045&chain=polygon 200 in 2.9s (next.js: 3ms, application-code: 2.9s)
 GET /api/wallet/balances?address=0xd8dA6BF26964aF9D7eEd9e03E53415D37aA96045&chain=bsc 200 in 1750ms (next.js: 3ms, application-code: 1747ms)
 GET /api/wallet/balances?address=0xd8dA6BF26964aF9D7eEd9e03E53415D37aA96045&chain=base 200 in 1982ms (next.js: 4ms, application-code: 1978ms)
 GET /api/wallet/balances?address=0xd8dA6BF26964aF9D7eEd9e03E53415D37aA96045&chain=arbitrum 200 in 1890ms (next.js: 4ms, application-code: 1886ms)
 GET /api/wallet/balances?address=0xd8dA6BF26964aF9D7eEd9e03E53415D37aA96045&chain=polygon 200 in 1972ms (next.js: 2ms, application-code: 1970ms)
 GET /api/wallet/balances?address=0xd8dA6BF26964aF9D7eEd9e03E53415D37aA96045&chain=bsc 200 in 2.2s (next.js: 2ms, application-code: 2.2s)
 GET /api/wallet/balances?address=0xd8dA6BF26964aF9D7eEd9e03E53415D37aA96045&chain=arbitrum 200 in 1934ms (next.js: 3ms, application-code: 1931ms)
 GET /api/wallet/balances?address=0xd8dA6BF26964aF9D7eEd9e03E53415D37aA96045&chain=polygon 200 in 2.2s (next.js: 3ms, application-code: 2.2s)
 GET /api/wallet/balances?address=0xd8dA6BF26964aF9D7eEd9e03E53415D37aA96045&chain=bsc 200 in 2.3s (next.js: 4ms, application-code: 2.3s)
 GET /api/0g/fetch 200 in 9ms (next.js: 2ms, application-code: 7ms)
 GET /api/0g/fetch 200 in 11ms (next.js: 3ms, application-code: 8ms)
 GET /api/0g/fetch 200 in 11ms (next.js: 3ms, application-code: 8ms)
 GET /api/0g/fetch 304 in 10ms (next.js: 2ms, application-code: 7ms)
 GET /api/0g/fetch 200 in 13ms (next.js: 2ms, application-code: 11ms)
 GET /api/0g/fetch 200 in 18ms (next.js: 3ms, application-code: 15ms)
 GET /api/0g/fetch 304 in 20ms (next.js: 4ms, application-code: 16ms)
 GET /api/0g/fetch 200 in 22ms (next.js: 5ms, application-code: 17ms)
 OPTIONS /api/ai/analyze 405 in 56ms (next.js: 29ms, application-code: 27ms)
 OPTIONS /api/ai/analyze 405 in 57ms (next.js: 29ms, application-code: 28ms)
 GET /api/security/scan?address=0x4aAc3fcBd0C7208df1448B3E88353aDc5c2939F8&chain=eth 200 in 1143ms (next.js: 6ms, application-code: 1137ms)
 OPTIONS /api/ai/analyze 405 in 2ms (next.js: 694µs, application-code: 1751µs)
 OPTIONS /api/ai/analyze 405 in 2ms (next.js: 703µs, application-code: 1636µs)
 GET /api/wallet/balances?address=0x4aAc3fcBd0C7208df1448B3E88353aDc5c2939F8&chain=base 200 in 1784ms (next.js: 2ms, application-code: 1782ms)
 GET /api/wallet/balances?address=0x4aAc3fcBd0C7208df1448B3E88353aDc5c2939F8&chain=arbitrum 200 in 1786ms (next.js: 2ms, application-code: 1784ms)
 GET /api/security/scan?address=0x4aAc3fcBd0C7208df1448B3E88353aDc5c2939F8&chain=eth 200 in 707ms (next.js: 1010µs, application-code: 706ms)
 GET /api/wallet/balances?address=0x4aAc3fcBd0C7208df1448B3E88353aDc5c2939F8&chain=eth 200 in 2.1s (next.js: 3ms, application-code: 2.1s)
 GET /api/wallet/balances?address=0x4aAc3fcBd0C7208df1448B3E88353aDc5c2939F8&chain=polygon 200 in 2.0s (next.js: 2ms, application-code: 2.0s)
 GET /api/wallet/balances?address=0x4aAc3fcBd0C7208df1448B3E88353aDc5c2939F8&chain=bsc 200 in 2.1s (next.js: 2ms, application-code: 2.1s)
 GET /api/security/scan?address=0x4aAc3fcBd0C7208df1448B3E88353aDc5c2939F8&chain=eth 200 in 941ms (next.js: 3ms, application-code: 939ms)
 GET /api/wallet/balances?address=0x4aAc3fcBd0C7208df1448B3E88353aDc5c2939F8&chain=arbitrum 304 in 1303ms (next.js: 691µs, application-code: 1303ms)
 GET /api/wallet/balances?address=0x4aAc3fcBd0C7208df1448B3E88353aDc5c2939F8&chain=base 304 in 1360ms (next.js: 682µs, application-code: 1359ms)
 GET /api/wallet/balances?address=0x4aAc3fcBd0C7208df1448B3E88353aDc5c2939F8&chain=eth 304 in 1220ms (next.js: 553µs, application-code: 1219ms)
 GET /api/wallet/balances?address=0x4aAc3fcBd0C7208df1448B3E88353aDc5c2939F8&chain=polygon 304 in 1569ms (next.js: 576µs, application-code: 1569ms)
 GET /api/wallet/balances?address=0x4aAc3fcBd0C7208df1448B3E88353aDc5c2939F8&chain=base 200 in 820ms (next.js: 800µs, application-code: 819ms)
 GET /api/wallet/balances?address=0x4aAc3fcBd0C7208df1448B3E88353aDc5c2939F8&chain=bsc 304 in 1638ms (next.js: 596µs, application-code: 1638ms)
 OPTIONS /api/ai/analyze 405 in 3ms (next.js: 895µs, application-code: 1717µs)
 OPTIONS /api/ai/analyze 405 in 3ms (next.js: 989µs, application-code: 2ms)
 GET /api/security/scan?address=0x4aAc3fcBd0C7208df1448B3E88353aDc5c2939F8&chain=eth 200 in 700ms (next.js: 1192µs, application-code: 698ms)
 GET /api/wallet/balances?address=0x4aAc3fcBd0C7208df1448B3E88353aDc5c2939F8&chain=arbitrum 200 in 1098ms (next.js: 533µs, application-code: 1098ms)
 GET /api/wallet/balances?address=0x4aAc3fcBd0C7208df1448B3E88353aDc5c2939F8&chain=eth 200 in 1236ms (next.js: 546µs, application-code: 1235ms)
 GET /api/security/scan?address=0x4aAc3fcBd0C7208df1448B3E88353aDc5c2939F8&chain=eth 200 in 668ms (next.js: 841µs, application-code: 668ms)
 GET /api/wallet/balances?address=0x4aAc3fcBd0C7208df1448B3E88353aDc5c2939F8&chain=base 304 in 875ms (next.js: 843µs, application-code: 874ms)
 GET /api/wallet/balances?address=0x4aAc3fcBd0C7208df1448B3E88353aDc5c2939F8&chain=bsc 200 in 1177ms (next.js: 953µs, application-code: 1176ms)
 GET /api/wallet/balances?address=0x4aAc3fcBd0C7208df1448B3E88353aDc5c2939F8&chain=polygon 200 in 1533ms (next.js: 598µs, application-code: 1532ms)
 GET /api/security/scan?address=0x4aAc3fcBd0C7208df1448B3E88353aDc5c2939F8&chain=eth 200 in 683ms (next.js: 847µs, application-code: 683ms)
 GET /api/wallet/balances?address=0x4aAc3fcBd0C7208df1448B3E88353aDc5c2939F8&chain=arbitrum 304 in 1148ms (next.js: 1393µs, application-code: 1147ms)
 GET /api/wallet/balances?address=0x4aAc3fcBd0C7208df1448B3E88353aDc5c2939F8&chain=base 200 in 938ms (next.js: 800µs, application-code: 937ms)
 GET /api/wallet/balances?address=0x4aAc3fcBd0C7208df1448B3E88353aDc5c2939F8&chain=eth 304 in 1196ms (next.js: 792µs, application-code: 1195ms)
 GET /api/security/scan?address=0x4aAc3fcBd0C7208df1448B3E88353aDc5c2939F8&chain=eth 200 in 774ms (next.js: 1024µs, application-code: 773ms)
 GET /api/wallet/balances?address=0x4aAc3fcBd0C7208df1448B3E88353aDc5c2939F8&chain=bsc 304 in 1199ms (next.js: 1977µs, application-code: 1197ms)
 GET /api/wallet/balances?address=0x4aAc3fcBd0C7208df1448B3E88353aDc5c2939F8&chain=arbitrum 200 in 1189ms (next.js: 3ms, application-code: 1186ms)
 GET /api/wallet/balances?address=0x4aAc3fcBd0C7208df1448B3E88353aDc5c2939F8&chain=base 200 in 944ms (next.js: 546µs, application-code: 944ms)
 GET /api/wallet/balances?address=0x4aAc3fcBd0C7208df1448B3E88353aDc5c2939F8&chain=polygon 304 in 1611ms (next.js: 782µs, application-code: 1610ms)
 GET /api/wallet/balances?address=0x4aAc3fcBd0C7208df1448B3E88353aDc5c2939F8&chain=eth 200 in 1237ms (next.js: 1513µs, application-code: 1235ms)
 GET /api/security/scan?address=0x4aAc3fcBd0C7208df1448B3E88353aDc5c2939F8&chain=eth 200 in 784ms (next.js: 949µs, application-code: 783ms)
 GET /api/wallet/balances?address=0x4aAc3fcBd0C7208df1448B3E88353aDc5c2939F8&chain=bsc 200 in 1265ms (next.js: 818µs, application-code: 1264ms)
 GET /api/wallet/balances?address=0x4aAc3fcBd0C7208df1448B3E88353aDc5c2939F8&chain=base 304 in 946ms (next.js: 910µs, application-code: 945ms)
 OPTIONS /api/ai/analyze 405 in 1985µs (next.js: 629µs, application-code: 1356µs)
 GET /api/wallet/balances?address=0x4aAc3fcBd0C7208df1448B3E88353aDc5c2939F8&chain=arbitrum 304 in 1196ms (next.js: 784µs, application-code: 1195ms)
 GET /api/wallet/balances?address=0x4aAc3fcBd0C7208df1448B3E88353aDc5c2939F8&chain=eth 304 in 1317ms (next.js: 701µs, application-code: 1316ms)
 GET /api/wallet/balances?address=0x4aAc3fcBd0C7208df1448B3E88353aDc5c2939F8&chain=polygon 200 in 1652ms (next.js: 676µs, application-code: 1651ms)
 GET /api/wallet/balances?address=0x4aAc3fcBd0C7208df1448B3E88353aDc5c2939F8&chain=bsc 304 in 1126ms (next.js: 685µs, application-code: 1125ms)
 OPTIONS /api/ai/analyze 405 in 7ms (next.js: 1905µs, application-code: 5ms)
 GET /api/wallet/balances?address=0x4aAc3fcBd0C7208df1448B3E88353aDc5c2939F8&chain=eth 200 in 1230ms (next.js: 840µs, application-code: 1229ms)
 GET /api/wallet/balances?address=0x4aAc3fcBd0C7208df1448B3E88353aDc5c2939F8&chain=bsc 200 in 1153ms (next.js: 610µs, application-code: 1152ms)
 GET /api/wallet/balances?address=0x4aAc3fcBd0C7208df1448B3E88353aDc5c2939F8&chain=arbitrum 200 in 1122ms (next.js: 728µs, application-code: 1121ms)
 GET /api/wallet/balances?address=0x4aAc3fcBd0C7208df1448B3E88353aDc5c2939F8&chain=base 200 in 848ms (next.js: 600µs, application-code: 848ms)
 OPTIONS /api/ai/analyze 405 in 7ms (next.js: 1646µs, application-code: 5ms)
 GET /api/security/scan?address=0x4aAc3fcBd0C7208df1448B3E88353aDc5c2939F8&chain=eth 200 in 688ms (next.js: 3ms, application-code: 685ms)
 GET /api/wallet/balances?address=0x4aAc3fcBd0C7208df1448B3E88353aDc5c2939F8&chain=eth 304 in 1230ms (next.js: 1588µs, application-code: 1228ms)
 GET /api/wallet/balances?address=0x4aAc3fcBd0C7208df1448B3E88353aDc5c2939F8&chain=polygon 304 in 1560ms (next.js: 1831µs, application-code: 1559ms)
 GET /api/wallet/balances?address=0x4aAc3fcBd0C7208df1448B3E88353aDc5c2939F8&chain=eth 200 in 1234ms (next.js: 556µs, application-code: 1234ms)
 GET /api/wallet/balances?address=0x4aAc3fcBd0C7208df1448B3E88353aDc5c2939F8&chain=polygon 200 in 1597ms (next.js: 979µs, application-code: 1596ms)
 GET /api/wallet/balances?address=0x4aAc3fcBd0C7208df1448B3E88353aDc5c2939F8&chain=bsc 304 in 1222ms (next.js: 1484µs, application-code: 1220ms)
 GET /api/wallet/balances?address=0x4aAc3fcBd0C7208df1448B3E88353aDc5c2939F8&chain=bsc 200 in 1705ms (next.js: 1939µs, application-code: 1703ms)
 GET /api/wallet/balances?address=0x4aAc3fcBd0C7208df1448B3E88353aDc5c2939F8&chain=base 200 in 915ms (next.js: 3ms, application-code: 913ms)
 GET /api/wallet/balances?address=0x4aAc3fcBd0C7208df1448B3E88353aDc5c2939F8&chain=base 304 in 995ms (next.js: 597µs, application-code: 994ms)
 GET /api/wallet/balances?address=0x4aAc3fcBd0C7208df1448B3E88353aDc5c2939F8&chain=arbitrum 304 in 1138ms (next.js: 1117µs, application-code: 1137ms)
 OPTIONS /api/ai/analyze 405 in 3ms (next.js: 1161µs, application-code: 1874µs)
 GET /api/wallet/balances?address=0x4aAc3fcBd0C7208df1448B3E88353aDc5c2939F8&chain=arbitrum 200 in 1104ms (next.js: 543µs, application-code: 1104ms)
 GET /api/security/scan?address=0x4aAc3fcBd0C7208df1448B3E88353aDc5c2939F8&chain=eth 200 in 853ms (next.js: 1033µs, application-code: 852ms)
 GET /api/wallet/balances?address=0x4aAc3fcBd0C7208df1448B3E88353aDc5c2939F8&chain=polygon 500 in 374ms (next.js: 1499µs, application-code: 372ms)
 GET /api/security/scan?address=0x4aAc3fcBd0C7208df1448B3E88353aDc5c2939F8&chain=eth 200 in 692ms (next.js: 1638µs, application-code: 690ms)
 OPTIONS /api/ai/analyze 405 in 2ms (next.js: 918µs, application-code: 1285µs)
 GET /api/wallet/balances?address=0x4aAc3fcBd0C7208df1448B3E88353aDc5c2939F8&chain=bsc 304 in 1251ms (next.js: 1809µs, application-code: 1249ms)
 GET /api/wallet/balances?address=0x4aAc3fcBd0C7208df1448B3E88353aDc5c2939F8&chain=base 304 in 905ms (next.js: 811µs, application-code: 904ms)
 GET /api/wallet/balances?address=0x4aAc3fcBd0C7208df1448B3E88353aDc5c2939F8&chain=eth 304 in 1360ms (next.js: 1929µs, application-code: 1358ms)
 GET /api/wallet/balances?address=0x4aAc3fcBd0C7208df1448B3E88353aDc5c2939F8&chain=eth 200 in 1375ms (next.js: 1964µs, application-code: 1373ms)
 GET /api/wallet/balances?address=0x4aAc3fcBd0C7208df1448B3E88353aDc5c2939F8&chain=bsc 200 in 1168ms (next.js: 830µs, application-code: 1167ms)
 GET /api/wallet/balances?address=0x4aAc3fcBd0C7208df1448B3E88353aDc5c2939F8&chain=polygon 200 in 1559ms (next.js: 2ms, application-code: 1557ms)
 GET /api/security/scan?address=0x4aAc3fcBd0C7208df1448B3E88353aDc5c2939F8&chain=eth 200 in 657ms (next.js: 1163µs, application-code: 656ms)
 GET /api/wallet/balances?address=0x4aAc3fcBd0C7208df1448B3E88353aDc5c2939F8&chain=base 200 in 910ms (next.js: 3ms, application-code: 907ms)
 GET /api/security/scan?address=0x4aAc3fcBd0C7208df1448B3E88353aDc5c2939F8&chain=eth 200 in 735ms (next.js: 1754µs, application-code: 734ms)
 GET /api/wallet/balances?address=0x4aAc3fcBd0C7208df1448B3E88353aDc5c2939F8&chain=arbitrum 200 in 1174ms (next.js: 724µs, application-code: 1174ms)
 GET /api/wallet/balances?address=0x4aAc3fcBd0C7208df1448B3E88353aDc5c2939F8&chain=arbitrum 304 in 1223ms (next.js: 3ms, application-code: 1220ms)
 GET /api/wallet/balances?address=0x4aAc3fcBd0C7208df1448B3E88353aDc5c2939F8&chain=eth 200 in 1281ms (next.js: 673µs, application-code: 1280ms)
 OPTIONS /api/ai/analyze 405 in 1656µs (next.js: 606µs, application-code: 1050µs)
 GET /api/wallet/balances?address=0x4aAc3fcBd0C7208df1448B3E88353aDc5c2939F8&chain=bsc 200 in 1068ms (next.js: 878µs, application-code: 1067ms)
 GET /api/wallet/balances?address=0x4aAc3fcBd0C7208df1448B3E88353aDc5c2939F8&chain=bsc 304 in 1163ms (next.js: 664µs, application-code: 1163ms)
 GET /api/security/scan?address=0x4aAc3fcBd0C7208df1448B3E88353aDc5c2939F8&chain=eth 200 in 677ms (next.js: 664µs, application-code: 677ms)
 GET /api/wallet/balances?address=0x4aAc3fcBd0C7208df1448B3E88353aDc5c2939F8&chain=polygon 304 in 1545ms (next.js: 697µs, application-code: 1545ms)
 GET /api/wallet/balances?address=0x4aAc3fcBd0C7208df1448B3E88353aDc5c2939F8&chain=polygon 200 in 1602ms (next.js: 619µs, application-code: 1601ms)
 GET /api/wallet/balances?address=0x4aAc3fcBd0C7208df1448B3E88353aDc5c2939F8&chain=base 304 in 855ms (next.js: 625µs, application-code: 855ms)
 GET /api/wallet/balances?address=0x4aAc3fcBd0C7208df1448B3E88353aDc5c2939F8&chain=base 200 in 868ms (next.js: 479µs, application-code: 868ms)
 GET /api/security/scan?address=0x4aAc3fcBd0C7208df1448B3E88353aDc5c2939F8&chain=eth 200 in 676ms (next.js: 779µs, application-code: 676ms)
 GET /api/wallet/balances?address=0x4aAc3fcBd0C7208df1448B3E88353aDc5c2939F8&chain=arbitrum 304 in 1144ms (next.js: 806µs, application-code: 1143ms)
 GET /api/wallet/balances?address=0x4aAc3fcBd0C7208df1448B3E88353aDc5c2939F8&chain=arbitrum 200 in 1159ms (next.js: 558µs, application-code: 1158ms)
 GET /api/wallet/balances?address=0x4aAc3fcBd0C7208df1448B3E88353aDc5c2939F8&chain=eth 304 in 1185ms (next.js: 722µs, application-code: 1184ms)
 GET /api/wallet/balances?address=0x4aAc3fcBd0C7208df1448B3E88353aDc5c2939F8&chain=bsc 304 in 1160ms (next.js: 937µs, application-code: 1159ms)
 GET /api/wallet/balances?address=0x4aAc3fcBd0C7208df1448B3E88353aDc5c2939F8&chain=eth 200 in 1186ms (next.js: 928µs, application-code: 1185ms)
 GET /api/wallet/balances?address=0x4aAc3fcBd0C7208df1448B3E88353aDc5c2939F8&chain=base 304 in 929ms (next.js: 501µs, application-code: 929ms)
 GET /api/wallet/balances?address=0x4aAc3fcBd0C7208df1448B3E88353aDc5c2939F8&chain=bsc 200 in 1234ms (next.js: 544µs, application-code: 1234ms)
 GET /api/wallet/balances?address=0x4aAc3fcBd0C7208df1448B3E88353aDc5c2939F8&chain=polygon 304 in 1518ms (next.js: 726µs, application-code: 1517ms)
 GET /api/wallet/balances?address=0x4aAc3fcBd0C7208df1448B3E88353aDc5c2939F8&chain=eth 504 in 5.3s (next.js: 776µs, application-code: 5.3s)
 GET /api/wallet/balances?address=0x4aAc3fcBd0C7208df1448B3E88353aDc5c2939F8&chain=base 200 in 836ms (next.js: 1558µs, application-code: 835ms)
 GET /api/wallet/balances?address=0x4aAc3fcBd0C7208df1448B3E88353aDc5c2939F8&chain=polygon 200 in 1590ms (next.js: 859µs, application-code: 1589ms)
 GET /api/security/scan?address=0x4aAc3fcBd0C7208df1448B3E88353aDc5c2939F8&chain=eth 200 in 676ms (next.js: 1229µs, application-code: 675ms)
 GET /api/wallet/balances?address=0x4aAc3fcBd0C7208df1448B3E88353aDc5c2939F8&chain=arbitrum 304 in 1169ms (next.js: 1146µs, application-code: 1168ms)
 GET /api/wallet/balances?address=0x4aAc3fcBd0C7208df1448B3E88353aDc5c2939F8&chain=arbitrum 200 in 1110ms (next.js: 1978µs, application-code: 1108ms)
 GET /api/wallet/balances?address=0x4aAc3fcBd0C7208df1448B3E88353aDc5c2939F8&chain=eth 304 in 1192ms (next.js: 1833µs, application-code: 1190ms)
 GET /api/wallet/balances?address=0x4aAc3fcBd0C7208df1448B3E88353aDc5c2939F8&chain=bsc 304 in 1184ms (next.js: 1044µs, application-code: 1183ms)
 GET /api/wallet/balances?address=0x4aAc3fcBd0C7208df1448B3E88353aDc5c2939F8&chain=bsc 200 in 1305ms (next.js: 1009µs, application-code: 1304ms)
 GET /api/wallet/balances?address=0x4aAc3fcBd0C7208df1448B3E88353aDc5c2939F8&chain=eth 200 in 1250ms (next.js: 1345µs, application-code: 1249ms)
 GET /api/wallet/balances?address=0x4aAc3fcBd0C7208df1448B3E88353aDc5c2939F8&chain=base 304 in 949ms (next.js: 1003µs, application-code: 948ms)
 GET /api/security/scan?address=0x4aAc3fcBd0C7208df1448B3E88353aDc5c2939F8&chain=eth 200 in 682ms (next.js: 1417µs, application-code: 681ms)
 GET /api/wallet/balances?address=0x4aAc3fcBd0C7208df1448B3E88353aDc5c2939F8&chain=arbitrum 304 in 1275ms (next.js: 799µs, application-code: 1274ms)
 GET /api/wallet/balances?address=0x4aAc3fcBd0C7208df1448B3E88353aDc5c2939F8&chain=bsc 304 in 1313ms (next.js: 1775µs, application-code: 1311ms)
 GET /api/wallet/balances?address=0x4aAc3fcBd0C7208df1448B3E88353aDc5c2939F8&chain=arbitrum 200 in 1314ms (next.js: 1749µs, application-code: 1312ms)
 GET /api/wallet/balances?address=0x4aAc3fcBd0C7208df1448B3E88353aDc5c2939F8&chain=polygon 200 in 1703ms (next.js: 1268µs, application-code: 1702ms)
 GET /api/wallet/balances?address=0x4aAc3fcBd0C7208df1448B3E88353aDc5c2939F8&chain=eth 304 in 1248ms (next.js: 971µs, application-code: 1247ms)
 GET /api/wallet/balances?address=0x4aAc3fcBd0C7208df1448B3E88353aDc5c2939F8&chain=bsc 200 in 1300ms (next.js: 1070µs, application-code: 1299ms)
 GET /api/wallet/balances?address=0x4aAc3fcBd0C7208df1448B3E88353aDc5c2939F8&chain=base 200 in 909ms (next.js: 748µs, application-code: 908ms)
 GET /api/security/scan?address=0x4aAc3fcBd0C7208df1448B3E88353aDc5c2939F8&chain=eth 200 in 674ms (next.js: 1694µs, application-code: 673ms)
 GET /api/wallet/balances?address=0x4aAc3fcBd0C7208df1448B3E88353aDc5c2939F8&chain=arbitrum 304 in 1302ms (next.js: 1176µs, application-code: 1301ms)
 GET /api/wallet/balances?address=0x4aAc3fcBd0C7208df1448B3E88353aDc5c2939F8&chain=eth 200 in 1304ms (next.js: 1154µs, application-code: 1303ms)
 GET /api/wallet/balances?address=0x4aAc3fcBd0C7208df1448B3E88353aDc5c2939F8&chain=base 304 in 903ms (next.js: 514µs, application-code: 902ms)
 GET /api/wallet/balances?address=0x4aAc3fcBd0C7208df1448B3E88353aDc5c2939F8&chain=bsc 304 in 1160ms (next.js: 561µs, application-code: 1159ms)
 GET /api/wallet/balances?address=0x4aAc3fcBd0C7208df1448B3E88353aDc5c2939F8&chain=polygon 304 in 1617ms (next.js: 1006µs, application-code: 1616ms)
 GET /api/security/scan?address=0x4aAc3fcBd0C7208df1448B3E88353aDc5c2939F8&chain=eth 200 in 661ms (next.js: 1639µs, application-code: 660ms)
 GET /api/wallet/balances?address=0x4aAc3fcBd0C7208df1448B3E88353aDc5c2939F8&chain=polygon 200 in 1771ms (next.js: 674µs, application-code: 1771ms)
 GET /api/wallet/balances?address=0x4aAc3fcBd0C7208df1448B3E88353aDc5c2939F8&chain=arbitrum 200 in 1161ms (next.js: 614µs, application-code: 1161ms)
 GET /api/security/scan?address=0x4aAc3fcBd0C7208df1448B3E88353aDc5c2939F8&chain=eth 200 in 788ms (next.js: 1316µs, application-code: 787ms)
 GET /api/wallet/balances?address=0x4aAc3fcBd0C7208df1448B3E88353aDc5c2939F8&chain=base 200 in 956ms (next.js: 916µs, application-code: 955ms)
 GET /api/wallet/balances?address=0x4aAc3fcBd0C7208df1448B3E88353aDc5c2939F8&chain=eth 304 in 1207ms (next.js: 697µs, application-code: 1206ms)
 GET /api/wallet/balances?address=0x4aAc3fcBd0C7208df1448B3E88353aDc5c2939F8&chain=bsc 200 in 1215ms (next.js: 635µs, application-code: 1215ms)
 GET /api/security/scan?address=0x4aAc3fcBd0C7208df1448B3E88353aDc5c2939F8&chain=eth 200 in 663ms (next.js: 1993µs, application-code: 661ms)
 GET /api/wallet/balances?address=0x4aAc3fcBd0C7208df1448B3E88353aDc5c2939F8&chain=polygon 304 in 1418ms (next.js: 513µs, application-code: 1418ms)
 GET /api/wallet/balances?address=0x4aAc3fcBd0C7208df1448B3E88353aDc5c2939F8&chain=base 304 in 863ms (next.js: 825µs, application-code: 862ms)
 GET /api/wallet/balances?address=0x4aAc3fcBd0C7208df1448B3E88353aDc5c2939F8&chain=eth 200 in 1251ms (next.js: 485µs, application-code: 1251ms)
 GET /api/wallet/balances?address=0x4aAc3fcBd0C7208df1448B3E88353aDc5c2939F8&chain=bsc 304 in 1211ms (next.js: 547µs, application-code: 1211ms)
 GET /api/wallet/balances?address=0x4aAc3fcBd0C7208df1448B3E88353aDc5c2939F8&chain=base 200 in 903ms (next.js: 661µs, application-code: 902ms)
 GET /api/wallet/balances?address=0x4aAc3fcBd0C7208df1448B3E88353aDc5c2939F8&chain=arbitrum 200 in 1160ms (next.js: 2ms, application-code: 1158ms)
 GET /api/wallet/balances?address=0x4aAc3fcBd0C7208df1448B3E88353aDc5c2939F8&chain=polygon 200 in 1623ms (next.js: 530µs, application-code: 1622ms)
 GET /api/wallet/balances?address=0x4aAc3fcBd0C7208df1448B3E88353aDc5c2939F8&chain=eth 304 in 1236ms (next.js: 1393µs, application-code: 1234ms)
 GET /api/wallet/balances?address=0x4aAc3fcBd0C7208df1448B3E88353aDc5c2939F8&chain=bsc 200 in 1241ms (next.js: 513µs, application-code: 1240ms)
 GET /api/wallet/balances?address=0x4aAc3fcBd0C7208df1448B3E88353aDc5c2939F8&chain=polygon 200 in 70ms (next.js: 834µs, application-code: 69ms)
 GET /api/wallet/balances?address=0x4aAc3fcBd0C7208df1448B3E88353aDc5c2939F8&chain=eth 200 in 1065ms (next.js: 907µs, application-code: 1064ms)
 GET /api/wallet/balances?address=0xd8dA6BF26964aF9D7eEd9e03E53415D37aA96045&chain=eth 400 in 256ms (next.js: 1328µs, application-code: 255ms)
 OPTIONS /api/ai/analyze 405 in 2ms (next.js: 816µs, application-code: 1479µs)
 OPTIONS /api/ai/analyze 405 in 2ms (next.js: 648µs, application-code: 1471µs)
 GET /api/security/scan?address=0xd8dA6BF26964aF9D7eEd9e03E53415D37aA96045&chain=eth 400 in 249ms (next.js: 1013µs, application-code: 248ms)
 GET /api/wallet/balances?address=0xd8dA6BF26964aF9D7eEd9e03E53415D37aA96045&chain=eth 400 in 256ms (next.js: 555µs, application-code: 255ms)
 GET /api/security/scan?address=0xd8dA6BF26964aF9D7eEd9e03E53415D37aA96045&chain=eth 400 in 257ms (next.js: 1475µs, application-code: 256ms)
 GET /api/wallet/balances?address=0xd8dA6BF26964aF9D7eEd9e03E53415D37aA96045&chain=eth 400 in 246ms (next.js: 847µs, application-code: 245ms)
 GET /api/security/scan?address=0xd8dA6BF26964aF9D7eEd9e03E53415D37aA96045&chain=eth 400 in 257ms (next.js: 1719µs, application-code: 255ms)
 OPTIONS /api/ai/analyze 405 in 3ms (next.js: 865µs, application-code: 1841µs)
 OPTIONS /api/ai/analyze 405 in 2ms (next.js: 633µs, application-code: 1391µs)
 GET /api/wallet/balances?address=0xd8dA6BF26964aF9D7eEd9e03E53415D37aA96045&chain=eth 400 in 257ms (next.js: 1135µs, application-code: 255ms)
 GET /api/security/scan?address=0xd8dA6BF26964aF9D7eEd9e03E53415D37aA96045&chain=eth 400 in 255ms (next.js: 1200µs, application-code: 254ms)
 GET /api/wallet/balances?address=0xd8dA6BF26964aF9D7eEd9e03E53415D37aA96045&chain=base 200 in 1573ms (next.js: 1307µs, application-code: 1572ms)
 GET /api/wallet/balances?address=0xd8dA6BF26964aF9D7eEd9e03E53415D37aA96045&chain=arbitrum 200 in 1856ms (next.js: 1296µs, application-code: 1855ms)
 GET /api/wallet/balances?address=0xd8dA6BF26964aF9D7eEd9e03E53415D37aA96045&chain=eth 400 in 258ms (next.js: 3ms, application-code: 255ms)
 GET /api/security/scan?address=0xd8dA6BF26964aF9D7eEd9e03E53415D37aA96045&chain=eth 400 in 307ms (next.js: 966µs, application-code: 307ms)
 GET /api/wallet/balances?address=0xd8dA6BF26964aF9D7eEd9e03E53415D37aA96045&chain=polygon 200 in 2.3s (next.js: 1354µs, application-code: 2.3s)
 GET /api/wallet/balances?address=0xd8dA6BF26964aF9D7eEd9e03E53415D37aA96045&chain=base 304 in 1212ms (next.js: 798µs, application-code: 1212ms)
 GET /api/security/scan?address=0xd8dA6BF26964aF9D7eEd9e03E53415D37aA96045&chain=eth 400 in 277ms (next.js: 979µs, application-code: 276ms)
 GET /api/security/scan?address=0xd8dA6BF26964aF9D7eEd9e03E53415D37aA96045&chain=eth 400 in 254ms (next.js: 786µs, application-code: 254ms)
 GET /api/wallet/balances?address=0xd8dA6BF26964aF9D7eEd9e03E53415D37aA96045&chain=bsc 200 in 3.1s (next.js: 1279µs, application-code: 3.1s)
 GET /api/security/scan?address=0xd8dA6BF26964aF9D7eEd9e03E53415D37aA96045&chain=eth 400 in 249ms (next.js: 706µs, application-code: 249ms)
 OPTIONS /api/ai/analyze 405 in 2ms (next.js: 930µs, application-code: 1225µs)
 OPTIONS /api/ai/analyze 405 in 1553µs (next.js: 511µs, application-code: 1042µs)
 GET /api/wallet/balances?address=0xd8dA6BF26964aF9D7eEd9e03E53415D37aA96045&chain=arbitrum 304 in 1897ms (next.js: 598µs, application-code: 1897ms)
 GET /api/wallet/balances?address=0xd8dA6BF26964aF9D7eEd9e03E53415D37aA96045&chain=eth 400 in 249ms (next.js: 504µs, application-code: 248ms)
 GET /api/wallet/balances?address=0xd8dA6BF26964aF9D7eEd9e03E53415D37aA96045&chain=base 200 in 1614ms (next.js: 781µs, application-code: 1613ms)
 GET /api/security/scan?address=0xd8dA6BF26964aF9D7eEd9e03E53415D37aA96045&chain=eth 400 in 255ms (next.js: 1212µs, application-code: 253ms)
 GET /api/wallet/balances?address=0xd8dA6BF26964aF9D7eEd9e03E53415D37aA96045&chain=eth 400 in 281ms (next.js: 676µs, application-code: 280ms)
 GET /api/wallet/balances?address=0xd8dA6BF26964aF9D7eEd9e03E53415D37aA96045&chain=polygon 304 in 2.2s (next.js: 735µs, application-code: 2.2s)
 GET /api/wallet/balances?address=0xd8dA6BF26964aF9D7eEd9e03E53415D37aA96045&chain=arbitrum 200 in 1878ms (next.js: 621µs, application-code: 1877ms)
 GET /api/security/scan?address=0xd8dA6BF26964aF9D7eEd9e03E53415D37aA96045&chain=eth 400 in 272ms (next.js: 770µs, application-code: 271ms)
 GET /api/security/scan?address=0xd8dA6BF26964aF9D7eEd9e03E53415D37aA96045&chain=eth 400 in 343ms (next.js: 1337µs, application-code: 341ms)
 GET /api/wallet/balances?address=0xd8dA6BF26964aF9D7eEd9e03E53415D37aA96045&chain=polygon 200 in 2.0s (next.js: 720µs, application-code: 2.0s)
 GET /api/security/scan?address=0xd8dA6BF26964aF9D7eEd9e03E53415D37aA96045&chain=eth 400 in 280ms (next.js: 3ms, application-code: 277ms)
 GET /api/security/scan?address=0xd8dA6BF26964aF9D7eEd9e03E53415D37aA96045&chain=eth 400 in 266ms (next.js: 3ms, application-code: 263ms)
 GET /api/wallet/balances?address=0xd8dA6BF26964aF9D7eEd9e03E53415D37aA96045&chain=bsc 304 in 2.5s (next.js: 737µs, application-code: 2.5s)
 GET /api/wallet/balances?address=0xd8dA6BF26964aF9D7eEd9e03E53415D37aA96045&chain=base 304 in 1279ms (next.js: 564µs, application-code: 1278ms)
 GET /api/security/scan?address=0xd8dA6BF26964aF9D7eEd9e03E53415D37aA96045&chain=eth 400 in 262ms (next.js: 1590µs, application-code: 261ms)
 GET /api/security/scan?address=0xd8dA6BF26964aF9D7eEd9e03E53415D37aA96045&chain=eth 400 in 254ms (next.js: 2ms, application-code: 252ms)
 GET /api/wallet/balances?address=0xd8dA6BF26964aF9D7eEd9e03E53415D37aA96045&chain=bsc 200 in 2.3s (next.js: 739µs, application-code: 2.3s)
 GET /api/wallet/balances?address=0xd8dA6BF26964aF9D7eEd9e03E53415D37aA96045&chain=arbitrum 304 in 1954ms (next.js: 743µs, application-code: 1953ms)
 GET /api/wallet/balances?address=0xd8dA6BF26964aF9D7eEd9e03E53415D37aA96045&chain=eth 400 in 278ms (next.js: 749µs, application-code: 277ms)
 GET /api/wallet/balances?address=0xd8dA6BF26964aF9D7eEd9e03E53415D37aA96045&chain=base 200 in 1489ms (next.js: 533µs, application-code: 1488ms)
 GET /api/wallet/balances?address=0xd8dA6BF26964aF9D7eEd9e03E53415D37aA96045&chain=polygon 304 in 2.1s (next.js: 1853µs, application-code: 2.1s)
 GET /api/wallet/balances?address=0xd8dA6BF26964aF9D7eEd9e03E53415D37aA96045&chain=eth 400 in 250ms (next.js: 1093µs, application-code: 248ms)
 GET /api/wallet/balances?address=0xd8dA6BF26964aF9D7eEd9e03E53415D37aA96045&chain=bsc 200 in 2.2s (next.js: 618µs, application-code: 2.2s)
 GET /api/wallet/balances?address=0xd8dA6BF26964aF9D7eEd9e03E53415D37aA96045&chain=base 200 in 1198ms (next.js: 637µs, application-code: 1197ms)
 GET /api/wallet/balances?address=0xd8dA6BF26964aF9D7eEd9e03E53415D37aA96045&chain=polygon 200 in 2.1s (next.js: 765µs, application-code: 2.1s)
 GET /api/wallet/balances?address=0xd8dA6BF26964aF9D7eEd9e03E53415D37aA96045&chain=arbitrum 200 in 1856ms (next.js: 618µs, application-code: 1855ms)
 GET /api/wallet/balances?address=0xd8dA6BF26964aF9D7eEd9e03E53415D37aA96045&chain=base 304 in 1415ms (next.js: 828µs, application-code: 1414ms)
 GET /api/wallet/balances?address=0xd8dA6BF26964aF9D7eEd9e03E53415D37aA96045&chain=eth 400 in 250ms (next.js: 566µs, application-code: 249ms)
 GET /api/security/scan?address=0xd8dA6BF26964aF9D7eEd9e03E53415D37aA96045&chain=eth 400 in 260ms (next.js: 909µs, application-code: 259ms)
 GET /api/wallet/balances?address=0xd8dA6BF26964aF9D7eEd9e03E53415D37aA96045&chain=bsc 200 in 2.3s (next.js: 554µs, application-code: 2.3s)
 GET /api/wallet/balances?address=0xd8dA6BF26964aF9D7eEd9e03E53415D37aA96045&chain=base 200 in 1262ms (next.js: 1289µs, application-code: 1260ms)
 GET /api/0g/fetch 200 in 3ms (next.js: 1260µs, application-code: 1573µs)
 GET /api/wallet/balances?address=0xd8dA6BF26964aF9D7eEd9e03E53415D37aA96045&chain=base 304 in 1534ms (next.js: 1930µs, application-code: 1532ms)
 GET /api/wallet/balances?address=0xd8dA6BF26964aF9D7eEd9e03E53415D37aA96045&chain=eth 400 in 260ms (next.js: 605µs, application-code: 260ms)
 GET /api/security/scan?address=0xd8dA6BF26964aF9D7eEd9e03E53415D37aA96045&chain=eth 400 in 389ms (next.js: 925µs, application-code: 388ms)
 GET /api/wallet/balances?address=0xd8dA6BF26964aF9D7eEd9e03E53415D37aA96045&chain=arbitrum 304 in 1985ms (next.js: 694µs, application-code: 1984ms)
 GET /api/wallet/balances?address=0xd8dA6BF26964aF9D7eEd9e03E53415D37aA96045&chain=polygon 200 in 2.0s (next.js: 524µs, application-code: 2.0s)
 GET /api/wallet/balances?address=0xd8dA6BF26964aF9D7eEd9e03E53415D37aA96045&chain=polygon 304 in 2.3s (next.js: 1210µs, application-code: 2.3s)
 GET /api/wallet/balances?address=0xd8dA6BF26964aF9D7eEd9e03E53415D37aA96045&chain=arbitrum 200 in 2.2s (next.js: 889µs, application-code: 2.2s)
 GET /api/0g/fetch 304 in 3ms (next.js: 1218µs, application-code: 1975µs)
 GET /api/wallet/balances?address=0xd8dA6BF26964aF9D7eEd9e03E53415D37aA96045&chain=eth 400 in 302ms (next.js: 676µs, application-code: 302ms)
 GET /api/security/scan?address=0xd8dA6BF26964aF9D7eEd9e03E53415D37aA96045&chain=eth 400 in 282ms (next.js: 1066µs, application-code: 281ms)
 GET /api/wallet/balances?address=0xd8dA6BF26964aF9D7eEd9e03E53415D37aA96045&chain=base 200 in 1312ms (next.js: 1488µs, application-code: 1311ms)
 GET /api/0g/fetch 200 in 4ms (next.js: 1283µs, application-code: 2ms)
 GET /api/wallet/balances?address=0xd8dA6BF26964aF9D7eEd9e03E53415D37aA96045&chain=base 304 in 1595ms (next.js: 642µs, application-code: 1594ms)
 GET /api/wallet/balances?address=0xd8dA6BF26964aF9D7eEd9e03E53415D37aA96045&chain=bsc 304 in 2.4s (next.js: 872µs, application-code: 2.4s)
 GET /api/wallet/balances?address=0xd8dA6BF26964aF9D7eEd9e03E53415D37aA96045&chain=bsc 200 in 2.2s (next.js: 692µs, application-code: 2.2s)
 GET /api/wallet/balances?address=0xd8dA6BF26964aF9D7eEd9e03E53415D37aA96045&chain=eth 400 in 250ms (next.js: 867µs, application-code: 249ms)
 GET /api/wallet/balances?address=0xd8dA6BF26964aF9D7eEd9e03E53415D37aA96045&chain=eth 400 in 256ms (next.js: 623µs, application-code: 255ms)
 GET /api/wallet/balances?address=0xd8dA6BF26964aF9D7eEd9e03E53415D37aA96045&chain=polygon 200 in 2.2s (next.js: 1714µs, application-code: 2.2s)
 GET /api/0g/fetch 304 in 3ms (next.js: 1046µs, application-code: 1971µs)
 GET /api/wallet/balances?address=0xd8dA6BF26964aF9D7eEd9e03E53415D37aA96045&chain=polygon 200 in 2.1s (next.js: 505µs, application-code: 2.1s)
 GET /api/wallet/balances?address=0xd8dA6BF26964aF9D7eEd9e03E53415D37aA96045&chain=arbitrum 200 in 1835ms (next.js: 705µs, application-code: 1834ms)
 GET /api/wallet/balances?address=0xd8dA6BF26964aF9D7eEd9e03E53415D37aA96045&chain=arbitrum 304 in 2.2s (next.js: 576µs, application-code: 2.2s)
 GET /api/wallet/balances?address=0xd8dA6BF26964aF9D7eEd9e03E53415D37aA96045&chain=base 304 in 1651ms (next.js: 694µs, application-code: 1651ms)
 GET /api/wallet/balances?address=0xd8dA6BF26964aF9D7eEd9e03E53415D37aA96045&chain=eth 400 in 253ms (next.js: 589µs, application-code: 252ms)
 GET /api/0g/fetch 200 in 1720µs (next.js: 527µs, application-code: 1194µs)
 GET /api/wallet/balances?address=0xd8dA6BF26964aF9D7eEd9e03E53415D37aA96045&chain=eth 400 in 261ms (next.js: 670µs, application-code: 260ms)
 GET /api/wallet/balances?address=0xd8dA6BF26964aF9D7eEd9e03E53415D37aA96045&chain=base 200 in 2.3s (next.js: 1249µs, application-code: 2.3s)
 GET /api/wallet/balances?address=0xd8dA6BF26964aF9D7eEd9e03E53415D37aA96045&chain=bsc 200 in 2.3s (next.js: 748µs, application-code: 2.3s)
 GET /api/0g/fetch 304 in 1686µs (next.js: 547µs, application-code: 1138µs)
 GET /api/wallet/balances?address=0xd8dA6BF26964aF9D7eEd9e03E53415D37aA96045&chain=eth 400 in 370ms (next.js: 542µs, application-code: 369ms)
 GET /api/wallet/balances?address=0xd8dA6BF26964aF9D7eEd9e03E53415D37aA96045&chain=eth 400 in 302ms (next.js: 744µs, application-code: 301ms)
 GET /api/wallet/balances?address=0xd8dA6BF26964aF9D7eEd9e03E53415D37aA96045&chain=bsc 304 in 3.0s (next.js: 833µs, application-code: 3.0s)
 GET /api/0g/fetch 200 in 7ms (next.js: 1905µs, application-code: 5ms)
 GET /api/wallet/balances?address=0xd8dA6BF26964aF9D7eEd9e03E53415D37aA96045&chain=polygon 304 in 2.2s (next.js: 487µs, application-code: 2.2s)
 GET /api/wallet/balances?address=0xd8dA6BF26964aF9D7eEd9e03E53415D37aA96045&chain=arbitrum 304 in 1932ms (next.js: 748µs, application-code: 1931ms)
 GET /api/wallet/balances?address=0xd8dA6BF26964aF9D7eEd9e03E53415D37aA96045&chain=polygon 200 in 2.2s (next.js: 727µs, application-code: 2.2s)
 GET /api/wallet/balances?address=0xd8dA6BF26964aF9D7eEd9e03E53415D37aA96045&chain=eth 400 in 257ms (next.js: 649µs, application-code: 256ms)
 GET /api/0g/fetch 304 in 1819µs (next.js: 578µs, application-code: 1241µs)
 GET /api/wallet/balances?address=0xd8dA6BF26964aF9D7eEd9e03E53415D37aA96045&chain=eth 400 in 252ms (next.js: 1187µs, application-code: 251ms)
 GET /api/wallet/balances?address=0xd8dA6BF26964aF9D7eEd9e03E53415D37aA96045&chain=arbitrum 200 in 1682ms (next.js: 1139µs, application-code: 1681ms)
 GET /api/0g/fetch 200 in 1620µs (next.js: 505µs, application-code: 1115µs)
 GET /api/wallet/balances?address=0xd8dA6BF26964aF9D7eEd9e03E53415D37aA96045&chain=eth 400 in 257ms (next.js: 602µs, application-code: 256ms)
 GET /api/wallet/balances?address=0xd8dA6BF26964aF9D7eEd9e03E53415D37aA96045&chain=eth 400 in 383ms (next.js: 529µs, application-code: 382ms)
 GET /api/wallet/balances?address=0xd8dA6BF26964aF9D7eEd9e03E53415D37aA96045&chain=base 200 in 1280ms (next.js: 2ms, application-code: 1278ms)
 GET /api/wallet/balances?address=0xd8dA6BF26964aF9D7eEd9e03E53415D37aA96045&chain=bsc 200 in 2.5s (next.js: 1735µs, application-code: 2.5s)
 GET /api/wallet/balances?address=0xd8dA6BF26964aF9D7eEd9e03E53415D37aA96045&chain=polygon 200 in 2.2s (next.js: 497µs, application-code: 2.2s)
 GET /api/wallet/balances?address=0xd8dA6BF26964aF9D7eEd9e03E53415D37aA96045&chain=eth 400 in 251ms (next.js: 624µs, application-code: 251ms)
 GET /api/wallet/balances?address=0xd8dA6BF26964aF9D7eEd9e03E53415D37aA96045&chain=bsc 200 in 2.5s (next.js: 635µs, application-code: 2.5s)
 GET /api/wallet/balances?address=0xd8dA6BF26964aF9D7eEd9e03E53415D37aA96045&chain=polygon 200 in 2.3s (next.js: 625µs, application-code: 2.3s)
 GET /api/0g/fetch 200 in 4ms (next.js: 885µs, application-code: 3ms)
 GET /api/wallet/balances?address=0xd8dA6BF26964aF9D7eEd9e03E53415D37aA96045&chain=eth 400 in 261ms (next.js: 697µs, application-code: 260ms)
 GET /api/wallet/balances?address=0xd8dA6BF26964aF9D7eEd9e03E53415D37aA96045&chain=arbitrum 304 in 1931ms (next.js: 914µs, application-code: 1930ms)
 GET /api/wallet/balances?address=0xd8dA6BF26964aF9D7eEd9e03E53415D37aA96045&chain=arbitrum 200 in 2.2s (next.js: 947µs, application-code: 2.2s)
 GET /api/wallet/balances?address=0xd8dA6BF26964aF9D7eEd9e03E53415D37aA96045&chain=base 200 in 1473ms (next.js: 701µs, application-code: 1473ms)
 GET /api/wallet/balances?address=0xd8dA6BF26964aF9D7eEd9e03E53415D37aA96045&chain=base 304 in 1609ms (next.js: 725µs, application-code: 1609ms)
 GET /api/wallet/balances?address=0xd8dA6BF26964aF9D7eEd9e03E53415D37aA96045&chain=eth 400 in 248ms (next.js: 534µs, application-code: 247ms)
 GET /api/wallet/balances?address=0xd8dA6BF26964aF9D7eEd9e03E53415D37aA96045&chain=eth 400 in 257ms (next.js: 632µs, application-code: 256ms)
 GET /api/wallet/balances?address=0xd8dA6BF26964aF9D7eEd9e03E53415D37aA96045&chain=polygon 304 in 2.2s (next.js: 835µs, application-code: 2.2s)
 GET /api/security/scan?address=0xd8dA6BF26964aF9D7eEd9e03E53415D37aA96045&chain=eth 400 in 287ms (next.js: 1051µs, application-code: 286ms)
 OPTIONS /api/ai/analyze 405 in 1646µs (next.js: 565µs, application-code: 1081µs)
 OPTIONS /api/ai/analyze 405 in 3ms (next.js: 510µs, application-code: 3ms)
 GET /api/wallet/balances?address=0xd8dA6BF26964aF9D7eEd9e03E53415D37aA96045&chain=polygon 200 in 2.3s (next.js: 678µs, application-code: 2.3s)
 GET /api/wallet/balances?address=0xd8dA6BF26964aF9D7eEd9e03E53415D37aA96045&chain=bsc 304 in 2.2s (next.js: 853µs, application-code: 2.2s)
 GET /api/wallet/balances?address=0xd8dA6BF26964aF9D7eEd9e03E53415D37aA96045&chain=eth 400 in 253ms (next.js: 497µs, application-code: 253ms)
 GET /api/wallet/balances?address=0xd8dA6BF26964aF9D7eEd9e03E53415D37aA96045&chain=bsc 200 in 2.4s (next.js: 676µs, application-code: 2.4s)
 GET /api/wallet/balances?address=0xd8dA6BF26964aF9D7eEd9e03E53415D37aA96045&chain=eth 400 in 269ms (next.js: 1603µs, application-code: 268ms)
 GET /api/security/scan?address=0xd8dA6BF26964aF9D7eEd9e03E53415D37aA96045&chain=eth 400 in 252ms (next.js: 1692µs, application-code: 250ms)
 GET /api/wallet/balances?address=0xd8dA6BF26964aF9D7eEd9e03E53415D37aA96045&chain=arbitrum 304 in 2.2s (next.js: 502µs, application-code: 2.2s)
 GET /api/wallet/balances?address=0xd8dA6BF26964aF9D7eEd9e03E53415D37aA96045&chain=arbitrum 200 in 2.0s (next.js: 491µs, application-code: 2.0s)
 GET /api/wallet/balances?address=0xd8dA6BF26964aF9D7eEd9e03E53415D37aA96045&chain=base 304 in 1599ms (next.js: 517µs, application-code: 1599ms)
 GET /api/wallet/balances?address=0xd8dA6BF26964aF9D7eEd9e03E53415D37aA96045&chain=base 200 in 1610ms (next.js: 557µs, application-code: 1609ms)
 GET /api/wallet/balances?address=0xd8dA6BF26964aF9D7eEd9e03E53415D37aA96045&chain=eth 400 in 261ms (next.js: 507µs, application-code: 261ms)
 GET /api/wallet/balances?address=0xd8dA6BF26964aF9D7eEd9e03E53415D37aA96045&chain=eth 400 in 263ms (next.js: 713µs, application-code: 262ms)
 OPTIONS /api/ai/analyze 405 in 2ms (next.js: 801µs, application-code: 1673µs)
 OPTIONS /api/ai/analyze 405 in 1732µs (next.js: 551µs, application-code: 1182µs)
 GET /api/security/scan?address=0xd8dA6BF26964aF9D7eEd9e03E53415D37aA96045&chain=eth 400 in 361ms (next.js: 929µs, application-code: 360ms)
 GET /api/wallet/balances?address=0xd8dA6BF26964aF9D7eEd9e03E53415D37aA96045&chain=polygon 304 in 1941ms (next.js: 509µs, application-code: 1941ms)
 GET /api/wallet/balances?address=0xd8dA6BF26964aF9D7eEd9e03E53415D37aA96045&chain=polygon 200 in 1966ms (next.js: 923µs, application-code: 1965ms)
 GET /api/wallet/balances?address=0xd8dA6BF26964aF9D7eEd9e03E53415D37aA96045&chain=bsc 304 in 2.1s (next.js: 650µs, application-code: 2.1s)
 GET /api/wallet/balances?address=0xd8dA6BF26964aF9D7eEd9e03E53415D37aA96045&chain=base 304 in 1079ms (next.js: 514µs, application-code: 1078ms)
 GET /api/wallet/balances?address=0xd8dA6BF26964aF9D7eEd9e03E53415D37aA96045&chain=eth 400 in 266ms (next.js: 499µs, application-code: 266ms)
 GET /api/wallet/balances?address=0xd8dA6BF26964aF9D7eEd9e03E53415D37aA96045&chain=arbitrum 304 in 1858ms (next.js: 547µs, application-code: 1857ms)
 GET /api/wallet/balances?address=0xd8dA6BF26964aF9D7eEd9e03E53415D37aA96045&chain=eth 400 in 254ms (next.js: 744µs, application-code: 254ms)
 GET /api/security/scan?address=0xd8dA6BF26964aF9D7eEd9e03E53415D37aA96045&chain=eth 400 in 268ms (next.js: 828µs, application-code: 267ms)
 GET /api/wallet/balances?address=0xd8dA6BF26964aF9D7eEd9e03E53415D37aA96045&chain=arbitrum 200 in 1808ms (next.js: 535µs, application-code: 1807ms)
 OPTIONS /api/ai/analyze 405 in 3ms (next.js: 934µs, application-code: 1820µs)
 OPTIONS /api/ai/analyze 405 in 3ms (next.js: 638µs, application-code: 1868µs)
 GET /api/security/scan?address=0xd8dA6BF26964aF9D7eEd9e03E53415D37aA96045&chain=eth 400 in 243ms (next.js: 825µs, application-code: 242ms)
 GET /api/wallet/balances?address=0xd8dA6BF26964aF9D7eEd9e03E53415D37aA96045&chain=bsc 200 in 2.9s (next.js: 528µs, application-code: 2.9s)
 GET /api/wallet/balances?address=0xd8dA6BF26964aF9D7eEd9e03E53415D37aA96045&chain=eth 400 in 250ms (next.js: 596µs, application-code: 250ms)
 GET /api/wallet/balances?address=0xd8dA6BF26964aF9D7eEd9e03E53415D37aA96045&chain=base 200 in 1538ms (next.js: 572µs, application-code: 1538ms)
 GET /api/wallet/balances?address=0xd8dA6BF26964aF9D7eEd9e03E53415D37aA96045&chain=eth 400 in 259ms (next.js: 654µs, application-code: 258ms)
 GET /api/security/scan?address=0xd8dA6BF26964aF9D7eEd9e03E53415D37aA96045&chain=eth 400 in 316ms (next.js: 899µs, application-code: 315ms)
 GET /api/wallet/balances?address=0xd8dA6BF26964aF9D7eEd9e03E53415D37aA96045&chain=polygon 304 in 1961ms (next.js: 571µs, application-code: 1960ms)
 GET /api/wallet/balances?address=0xd8dA6BF26964aF9D7eEd9e03E53415D37aA96045&chain=polygon 200 in 2.0s (next.js: 587µs, application-code: 2.0s)
 GET /api/wallet/balances?address=0xd8dA6BF26964aF9D7eEd9e03E53415D37aA96045&chain=arbitrum 304 in 1866ms (next.js: 617µs, application-code: 1865ms)
 GET /api/wallet/balances?address=0xd8dA6BF26964aF9D7eEd9e03E53415D37aA96045&chain=arbitrum 200 in 1875ms (next.js: 644µs, application-code: 1874ms)
 GET /api/wallet/balances?address=0xd8dA6BF26964aF9D7eEd9e03E53415D37aA96045&chain=eth 400 in 246ms (next.js: 518µs, application-code: 245ms)
 GET /api/security/scan?address=0xd8dA6BF26964aF9D7eEd9e03E53415D37aA96045&chain=eth 400 in 255ms (next.js: 950µs, application-code: 254ms)
 OPTIONS /api/ai/analyze 405 in 2ms (next.js: 758µs, application-code: 1254µs)
 OPTIONS /api/ai/analyze 405 in 3ms (next.js: 696µs, application-code: 1947µs)
 GET /api/wallet/balances?address=0xd8dA6BF26964aF9D7eEd9e03E53415D37aA96045&chain=eth 400 in 253ms (next.js: 825µs, application-code: 252ms)
 GET /api/wallet/balances?address=0xd8dA6BF26964aF9D7eEd9e03E53415D37aA96045&chain=bsc 200 in 2.1s (next.js: 953µs, application-code: 2.1s)
 GET /api/wallet/balances?address=0xd8dA6BF26964aF9D7eEd9e03E53415D37aA96045&chain=bsc 200 in 2.2s (next.js: 984µs, application-code: 2.2s)
 GET /api/wallet/balances?address=0xd8dA6BF26964aF9D7eEd9e03E53415D37aA96045&chain=base 304 in 1400ms (next.js: 1439µs, application-code: 1398ms)
 GET /api/wallet/balances?address=0xd8dA6BF26964aF9D7eEd9e03E53415D37aA96045&chain=base 200 in 1216ms (next.js: 1799µs, application-code: 1215ms)
 GET /api/security/scan?address=0xd8dA6BF26964aF9D7eEd9e03E53415D37aA96045&chain=eth 400 in 255ms (next.js: 766µs, application-code: 255ms)
 GET /api/security/scan?address=0xd8dA6BF26964aF9D7eEd9e03E53415D37aA96045&chain=eth 400 in 278ms (next.js: 1008µs, application-code: 277ms)
 GET /api/wallet/balances?address=0xd8dA6BF26964aF9D7eEd9e03E53415D37aA96045&chain=eth 400 in 258ms (next.js: 853µs, application-code: 257ms)
 GET /api/wallet/balances?address=0xd8dA6BF26964aF9D7eEd9e03E53415D37aA96045&chain=eth 400 in 316ms (next.js: 1085µs, application-code: 315ms)
 GET /api/wallet/balances?address=0xd8dA6BF26964aF9D7eEd9e03E53415D37aA96045&chain=arbitrum 304 in 1914ms (next.js: 1201µs, application-code: 1913ms)
 GET /api/wallet/balances?address=0xd8dA6BF26964aF9D7eEd9e03E53415D37aA96045&chain=polygon 200 in 1934ms (next.js: 918µs, application-code: 1933ms)
 GET /api/wallet/balances?address=0xd8dA6BF26964aF9D7eEd9e03E53415D37aA96045&chain=polygon 304 in 2.1s (next.js: 716µs, application-code: 2.1s)
 GET /api/wallet/balances?address=0xd8dA6BF26964aF9D7eEd9e03E53415D37aA96045&chain=arbitrum 200 in 1853ms (next.js: 896µs, application-code: 1853ms)
 GET /api/security/scan?address=0xd8dA6BF26964aF9D7eEd9e03E53415D37aA96045&chain=eth 400 in 253ms (next.js: 951µs, application-code: 252ms)
 OPTIONS /api/ai/analyze 405 in 2ms (next.js: 732µs, application-code: 1476µs)
 OPTIONS /api/ai/analyze 405 in 1910µs (next.js: 620µs, application-code: 1290µs)
 GET /api/security/scan?address=0xd8dA6BF26964aF9D7eEd9e03E53415D37aA96045&chain=eth 400 in 256ms (next.js: 692µs, application-code: 256ms)
 GET /api/wallet/balances?address=0xd8dA6BF26964aF9D7eEd9e03E53415D37aA96045&chain=eth 400 in 253ms (next.js: 635µs, application-code: 252ms)
 GET /api/wallet/balances?address=0xd8dA6BF26964aF9D7eEd9e03E53415D37aA96045&chain=eth 400 in 268ms (next.js: 622µs, application-code: 267ms)
 GET /api/wallet/balances?address=0xd8dA6BF26964aF9D7eEd9e03E53415D37aA96045&chain=base 304 in 1177ms (next.js: 525µs, application-code: 1177ms)
 GET /api/wallet/balances?address=0xd8dA6BF26964aF9D7eEd9e03E53415D37aA96045&chain=bsc 304 in 2.2s (next.js: 546µs, application-code: 2.2s)
 GET /api/wallet/balances?address=0xd8dA6BF26964aF9D7eEd9e03E53415D37aA96045&chain=bsc 200 in 2.2s (next.js: 656µs, application-code: 2.2s)
 GET /api/wallet/balances?address=0xd8dA6BF26964aF9D7eEd9e03E53415D37aA96045&chain=base 200 in 1422ms (next.js: 669µs, application-code: 1422ms)
 GET /api/security/scan?address=0xd8dA6BF26964aF9D7eEd9e03E53415D37aA96045&chain=eth 400 in 340ms (next.js: 717µs, application-code: 340ms)
 GET /api/security/scan?address=0xd8dA6BF26964aF9D7eEd9e03E53415D37aA96045&chain=eth 400 in 346ms (next.js: 1090µs, application-code: 345ms)
 GET /api/wallet/balances?address=0xd8dA6BF26964aF9D7eEd9e03E53415D37aA96045&chain=eth 400 in 256ms (next.js: 760µs, application-code: 255ms)
 GET /api/wallet/balances?address=0xd8dA6BF26964aF9D7eEd9e03E53415D37aA96045&chain=eth 400 in 359ms (next.js: 769µs, application-code: 358ms)
 GET /api/wallet/balances?address=0xd8dA6BF26964aF9D7eEd9e03E53415D37aA96045&chain=polygon 304 in 2.3s (next.js: 544µs, application-code: 2.3s)
 GET /api/wallet/balances?address=0xd8dA6BF26964aF9D7eEd9e03E53415D37aA96045&chain=polygon 200 in 2.1s (next.js: 1060µs, application-code: 2.1s)
 GET /api/wallet/balances?address=0xd8dA6BF26964aF9D7eEd9e03E53415D37aA96045&chain=arbitrum 304 in 1877ms (next.js: 633µs, application-code: 1877ms)
 GET /api/wallet/balances?address=0xd8dA6BF26964aF9D7eEd9e03E53415D37aA96045&chain=arbitrum 200 in 1937ms (next.js: 933µs, application-code: 1936ms)
 GET /api/security/scan?address=0xd8dA6BF26964aF9D7eEd9e03E53415D37aA96045&chain=eth 401 in 531ms (next.js: 771µs, application-code: 531ms)
 GET /api/security/scan?address=0xd8dA6BF26964aF9D7eEd9e03E53415D37aA96045&chain=eth 400 in 254ms (next.js: 1062µs, application-code: 253ms)
 GET /api/wallet/balances?address=0xd8dA6BF26964aF9D7eEd9e03E53415D37aA96045&chain=base 401 in 975ms (next.js: 450µs, application-code: 974ms)
 OPTIONS /api/ai/analyze 405 in 4ms (next.js: 953µs, application-code: 3ms)
 OPTIONS /api/ai/analyze 405 in 3ms (next.js: 1522µs, application-code: 1660µs)
 GET /api/wallet/balances?address=0xd8dA6BF26964aF9D7eEd9e03E53415D37aA96045&chain=eth 400 in 242ms (next.js: 469µs, application-code: 242ms)
 GET /api/wallet/balances?address=0xd8dA6BF26964aF9D7eEd9e03E53415D37aA96045&chain=eth 400 in 258ms (next.js: 1009µs, application-code: 257ms)
 GET /api/wallet/balances?address=0xd8dA6BF26964aF9D7eEd9e03E53415D37aA96045&chain=bsc 304 in 2.1s (next.js: 553µs, application-code: 2.1s)
 GET /api/wallet/balances?address=0xd8dA6BF26964aF9D7eEd9e03E53415D37aA96045&chain=base 401 in 1316ms (next.js: 578µs, application-code: 1315ms)
 GET /api/wallet/balances?address=0xd8dA6BF26964aF9D7eEd9e03E53415D37aA96045&chain=bsc 401 in 2.1s (next.js: 694µs, application-code: 2.1s)
 GET /api/security/scan?address=0xd8dA6BF26964aF9D7eEd9e03E53415D37aA96045&chain=eth 401 in 295ms (next.js: 6ms, application-code: 289ms)
 GET /api/security/scan?address=0xd8dA6BF26964aF9D7eEd9e03E53415D37aA96045&chain=eth 400 in 255ms (next.js: 3ms, application-code: 252ms)
 GET /api/wallet/balances?address=0xd8dA6BF26964aF9D7eEd9e03E53415D37aA96045&chain=eth 400 in 288ms (next.js: 966µs, application-code: 287ms)
 GET /api/wallet/balances?address=0xd8dA6BF26964aF9D7eEd9e03E53415D37aA96045&chain=eth 400 in 270ms (next.js: 930µs, application-code: 269ms)
 GET /api/wallet/balances?address=0xd8dA6BF26964aF9D7eEd9e03E53415D37aA96045&chain=arbitrum 401 in 1371ms (next.js: 969µs, application-code: 1370ms)
 GET /api/security/scan?address=0xd8dA6BF26964aF9D7eEd9e03E53415D37aA96045&chain=eth 400 in 281ms (next.js: 1072µs, application-code: 280ms)
 GET /api/wallet/balances?address=0xd8dA6BF26964aF9D7eEd9e03E53415D37aA96045&chain=eth 400 in 300ms (next.js: 638µs, application-code: 299ms)
 GET /api/wallet/balances?address=0xd8dA6BF26964aF9D7eEd9e03E53415D37aA96045&chain=polygon 304 in 2.1s (next.js: 1076µs, application-code: 2.1s)
 GET /api/wallet/balances?address=0xd8dA6BF26964aF9D7eEd9e03E53415D37aA96045&chain=polygon 200 in 2.1s (next.js: 717µs, application-code: 2.1s)
 GET /api/wallet/balances?address=0xd8dA6BF26964aF9D7eEd9e03E53415D37aA96045&chain=eth 400 in 262ms (next.js: 467µs, application-code: 262ms)
 GET /api/security/scan?address=0xd8dA6BF26964aF9D7eEd9e03E53415D37aA96045&chain=eth 400 in 269ms (next.js: 1255µs, application-code: 268ms)
 GET /api/wallet/balances?address=0xd8dA6BF26964aF9D7eEd9e03E53415D37aA96045&chain=arbitrum 200 in 2.0s (next.js: 3ms, application-code: 2.0s)
 GET /api/wallet/balances?address=0xd8dA6BF26964aF9D7eEd9e03E53415D37aA96045&chain=polygon 401 in 246ms (next.js: 605µs, application-code: 245ms)
 GET /api/wallet/balances?address=0xd8dA6BF26964aF9D7eEd9e03E53415D37aA96045&chain=base 200 in 1439ms (next.js: 896µs, application-code: 1438ms)
 GET /api/wallet/balances?address=0xd8dA6BF26964aF9D7eEd9e03E53415D37aA96045&chain=eth 401 in 275ms (next.js: 803µs, application-code: 274ms)
 GET /api/security/scan?address=0xd8dA6BF26964aF9D7eEd9e03E53415D37aA96045&chain=eth 401 in 296ms (next.js: 966µs, application-code: 295ms)
 GET /api/wallet/balances?address=0xd8dA6BF26964aF9D7eEd9e03E53415D37aA96045&chain=base 401 in 245ms (next.js: 613µs, application-code: 244ms)
 GET /api/wallet/balances?address=0xd8dA6BF26964aF9D7eEd9e03E53415D37aA96045&chain=eth 401 in 263ms (next.js: 495µs, application-code: 262ms)
 GET /api/wallet/balances?address=0xd8dA6BF26964aF9D7eEd9e03E53415D37aA96045&chain=bsc 200 in 2.3s (next.js: 1157µs, application-code: 2.3s)
 GET /api/security/scan?address=0xd8dA6BF26964aF9D7eEd9e03E53415D37aA96045&chain=eth 401 in 257ms (next.js: 690µs, application-code: 257ms)
 GET /api/wallet/balances?address=0xd8dA6BF26964aF9D7eEd9e03E53415D37aA96045&chain=arbitrum 401 in 1291ms (next.js: 1441µs, application-code: 1290ms)
 GET /api/wallet/balances?address=0xd8dA6BF26964aF9D7eEd9e03E53415D37aA96045&chain=eth 400 in 265ms (next.js: 1434µs, application-code: 263ms)
 GET /api/wallet/balances?address=0xd8dA6BF26964aF9D7eEd9e03E53415D37aA96045&chain=base 304 in 1113ms (next.js: 482µs, application-code: 1112ms)
 GET /api/wallet/balances?address=0xd8dA6BF26964aF9D7eEd9e03E53415D37aA96045&chain=polygon 401 in 1447ms (next.js: 745µs, application-code: 1446ms)
 GET /api/wallet/balances?address=0xd8dA6BF26964aF9D7eEd9e03E53415D37aA96045&chain=bsc 401 in 239ms (next.js: 579µs, application-code: 239ms)
 GET /api/wallet/balances?address=0xd8dA6BF26964aF9D7eEd9e03E53415D37aA96045&chain=bsc 401 in 248ms (next.js: 1099µs, application-code: 247ms)
 GET /api/wallet/balances?address=0xd8dA6BF26964aF9D7eEd9e03E53415D37aA96045&chain=bsc 401 in 243ms (next.js: 577µs, application-code: 243ms)
 GET /api/wallet/balances?address=0xd8dA6BF26964aF9D7eEd9e03E53415D37aA96045&chain=arbitrum 200 in 1899ms (next.js: 1567µs, application-code: 1897ms)
 GET /api/wallet/balances?address=0xd8dA6BF26964aF9D7eEd9e03E53415D37aA96045&chain=base 200 in 1067ms (next.js: 1729µs, application-code: 1065ms)
 GET /api/wallet/balances?address=0xd8dA6BF26964aF9D7eEd9e03E53415D37aA96045&chain=arbitrum 401 in 335ms (next.js: 937µs, application-code: 334ms)
 GET /api/wallet/balances?address=0xd8dA6BF26964aF9D7eEd9e03E53415D37aA96045&chain=eth 401 in 296ms (next.js: 688µs, application-code: 296ms)
 GET /api/security/scan?address=0xd8dA6BF26964aF9D7eEd9e03E53415D37aA96045&chain=eth 400 in 259ms (next.js: 1128µs, application-code: 258ms)
 GET /api/wallet/balances?address=0xd8dA6BF26964aF9D7eEd9e03E53415D37aA96045&chain=base 401 in 304ms (next.js: 634µs, application-code: 303ms)
 GET /api/wallet/balances?address=0xd8dA6BF26964aF9D7eEd9e03E53415D37aA96045&chain=arbitrum 401 in 1339ms (next.js: 551µs, application-code: 1339ms)
 GET /api/wallet/balances?address=0xd8dA6BF26964aF9D7eEd9e03E53415D37aA96045&chain=bsc 401 in 1514ms (next.js: 512µs, application-code: 1513ms)
 GET /api/wallet/balances?address=0xd8dA6BF26964aF9D7eEd9e03E53415D37aA96045&chain=base 401 in 1168ms (next.js: 646µs, application-code: 1167ms)
 GET /api/wallet/balances?address=0xd8dA6BF26964aF9D7eEd9e03E53415D37aA96045&chain=polygon 200 in 2.1s (next.js: 746µs, application-code: 2.1s)
 GET /api/wallet/balances?address=0xd8dA6BF26964aF9D7eEd9e03E53415D37aA96045&chain=arbitrum 401 in 1311ms (next.js: 592µs, application-code: 1310ms)
 GET /api/wallet/balances?address=0xd8dA6BF26964aF9D7eEd9e03E53415D37aA96045&chain=bsc 401 in 266ms (next.js: 475µs, application-code: 265ms)
 GET /api/wallet/balances?address=0xd8dA6BF26964aF9D7eEd9e03E53415D37aA96045&chain=polygon 401 in 257ms (next.js: 983µs, application-code: 256ms)
 GET /api/wallet/balances?address=0xd8dA6BF26964aF9D7eEd9e03E53415D37aA96045&chain=polygon 401 in 258ms (next.js: 958µs, application-code: 257ms)
 GET /api/wallet/balances?address=0xd8dA6BF26964aF9D7eEd9e03E53415D37aA96045&chain=base 401 in 321ms (next.js: 1829µs, application-code: 319ms)
 GET /api/wallet/balances?address=0xd8dA6BF26964aF9D7eEd9e03E53415D37aA96045&chain=arbitrum 401 in 250ms (next.js: 489µs, application-code: 249ms)
 GET /api/wallet/balances?address=0xd8dA6BF26964aF9D7eEd9e03E53415D37aA96045&chain=bsc 401 in 300ms (next.js: 552µs, application-code: 299ms)
 GET /api/wallet/balances?address=0xd8dA6BF26964aF9D7eEd9e03E53415D37aA96045&chain=polygon 401 in 254ms (next.js: 908µs, application-code: 253ms)
 GET /api/wallet/balances?address=0xd8dA6BF26964aF9D7eEd9e03E53415D37aA96045&chain=base 401 in 242ms (next.js: 698µs, application-code: 241ms)
 GET /api/wallet/balances?address=0xd8dA6BF26964aF9D7eEd9e03E53415D37aA96045&chain=arbitrum 401 in 262ms (next.js: 1059µs, application-code: 261ms)
 GET /api/wallet/balances?address=0xd8dA6BF26964aF9D7eEd9e03E53415D37aA96045&chain=bsc 401 in 256ms (next.js: 1895µs, application-code: 255ms)
 GET /api/wallet/balances?address=0xd8dA6BF26964aF9D7eEd9e03E53415D37aA96045&chain=base 401 in 249ms (next.js: 814µs, application-code: 248ms)
 GET /api/wallet/balances?address=0xd8dA6BF26964aF9D7eEd9e03E53415D37aA96045&chain=polygon 401 in 285ms (next.js: 779µs, application-code: 284ms)
 GET /api/wallet/balances?address=0xd8dA6BF26964aF9D7eEd9e03E53415D37aA96045&chain=arbitrum 401 in 241ms (next.js: 785µs, application-code: 240ms)
 GET /api/wallet/balances?address=0xd8dA6BF26964aF9D7eEd9e03E53415D37aA96045&chain=bsc 401 in 424ms (next.js: 556µs, application-code: 423ms)
 GET /api/wallet/balances?address=0xd8dA6BF26964aF9D7eEd9e03E53415D37aA96045&chain=base 401 in 339ms (next.js: 822µs, application-code: 339ms)
 GET /api/wallet/balances?address=0xd8dA6BF26964aF9D7eEd9e03E53415D37aA96045&chain=polygon 401 in 308ms (next.js: 1144µs, application-code: 307ms)
 GET /api/wallet/balances?address=0xd8dA6BF26964aF9D7eEd9e03E53415D37aA96045&chain=arbitrum 401 in 250ms (next.js: 902µs, application-code: 249ms)
 GET /api/wallet/balances?address=0xd8dA6BF26964aF9D7eEd9e03E53415D37aA96045&chain=polygon 401 in 245ms (next.js: 596µs, application-code: 245ms)
 GET /api/wallet/balances?address=0xd8dA6BF26964aF9D7eEd9e03E53415D37aA96045&chain=bsc 401 in 249ms (next.js: 579µs, application-code: 248ms)
 GET /api/wallet/balances?address=0xd8dA6BF26964aF9D7eEd9e03E53415D37aA96045&chain=base 401 in 258ms (next.js: 591µs, application-code: 257ms)
 GET /api/wallet/balances?address=0xd8dA6BF26964aF9D7eEd9e03E53415D37aA96045&chain=arbitrum 401 in 279ms (next.js: 524µs, application-code: 278ms)
 GET /api/wallet/balances?address=0xd8dA6BF26964aF9D7eEd9e03E53415D37aA96045&chain=bsc 401 in 357ms (next.js: 740µs, application-code: 356ms)
 GET /api/wallet/balances?address=0xd8dA6BF26964aF9D7eEd9e03E53415D37aA96045&chain=polygon 401 in 363ms (next.js: 709µs, application-code: 363ms)
 GET /api/wallet/balances?address=0xd8dA6BF26964aF9D7eEd9e03E53415D37aA96045&chain=arbitrum 401 in 324ms (next.js: 608µs, application-code: 323ms)
 GET /api/wallet/balances?address=0xd8dA6BF26964aF9D7eEd9e03E53415D37aA96045&chain=arbitrum 401 in 301ms (next.js: 680µs, application-code: 301ms)
 GET /api/wallet/balances?address=0xd8dA6BF26964aF9D7eEd9e03E53415D37aA96045&chain=polygon 401 in 302ms (next.js: 674µs, application-code: 302ms)
 GET /api/wallet/balances?address=0xd8dA6BF26964aF9D7eEd9e03E53415D37aA96045&chain=base 401 in 266ms (next.js: 1083µs, application-code: 265ms)
 GET /api/wallet/balances?address=0xd8dA6BF26964aF9D7eEd9e03E53415D37aA96045&chain=polygon 401 in 245ms (next.js: 631µs, application-code: 244ms)
 GET /api/wallet/balances?address=0xd8dA6BF26964aF9D7eEd9e03E53415D37aA96045&chain=arbitrum 401 in 262ms (next.js: 672µs, application-code: 261ms)
 GET /api/wallet/balances?address=0xd8dA6BF26964aF9D7eEd9e03E53415D37aA96045&chain=base 401 in 242ms (next.js: 846µs, application-code: 241ms)
 GET /api/wallet/balances?address=0xd8dA6BF26964aF9D7eEd9e03E53415D37aA96045&chain=polygon 401 in 242ms (next.js: 744µs, application-code: 241ms)
 GET /api/wallet/balances?address=0xd8dA6BF26964aF9D7eEd9e03E53415D37aA96045&chain=base 401 in 248ms (next.js: 731µs, application-code: 247ms)
 GET /api/wallet/balances?address=0xd8dA6BF26964aF9D7eEd9e03E53415D37aA96045&chain=polygon 401 in 258ms (next.js: 842µs, application-code: 257ms)
 GET /api/wallet/balances?address=0xd8dA6BF26964aF9D7eEd9e03E53415D37aA96045&chain=arbitrum 401 in 267ms (next.js: 655µs, application-code: 267ms)
 GET /api/wallet/balances?address=0xd8dA6BF26964aF9D7eEd9e03E53415D37aA96045&chain=polygon 401 in 237ms (next.js: 607µs, application-code: 236ms)
 GET /api/wallet/balances?address=0xd8dA6BF26964aF9D7eEd9e03E53415D37aA96045&chain=bsc 401 in 1471ms (next.js: 660µs, application-code: 1471ms)
 GET /api/wallet/balances?address=0xd8dA6BF26964aF9D7eEd9e03E53415D37aA96045&chain=polygon 401 in 243ms (next.js: 539µs, application-code: 243ms)
 GET /api/wallet/balances?address=0xd8dA6BF26964aF9D7eEd9e03E53415D37aA96045&chain=base 401 in 248ms (next.js: 636µs, application-code: 247ms)
 GET /api/wallet/balances?address=0xd8dA6BF26964aF9D7eEd9e03E53415D37aA96045&chain=arbitrum 401 in 245ms (next.js: 832µs, application-code: 244ms)
 GET /api/wallet/balances?address=0xd8dA6BF26964aF9D7eEd9e03E53415D37aA96045&chain=bsc 401 in 244ms (next.js: 645µs, application-code: 243ms)
 GET /api/wallet/balances?address=0xd8dA6BF26964aF9D7eEd9e03E53415D37aA96045&chain=base 401 in 263ms (next.js: 625µs, application-code: 263ms)
 GET /api/wallet/balances?address=0xd8dA6BF26964aF9D7eEd9e03E53415D37aA96045&chain=arbitrum 401 in 248ms (next.js: 749µs, application-code: 247ms)
 GET /api/wallet/balances?address=0xd8dA6BF26964aF9D7eEd9e03E53415D37aA96045&chain=bsc 401 in 243ms (next.js: 640µs, application-code: 242ms)
 GET /api/wallet/balances?address=0xd8dA6BF26964aF9D7eEd9e03E53415D37aA96045&chain=bsc 401 in 278ms (next.js: 799µs, application-code: 278ms)
 GET /api/wallet/balances?address=0xd8dA6BF26964aF9D7eEd9e03E53415D37aA96045&chain=arbitrum 401 in 248ms (next.js: 791µs, application-code: 247ms)
 GET /api/wallet/balances?address=0xd8dA6BF26964aF9D7eEd9e03E53415D37aA96045&chain=polygon 401 in 260ms (next.js: 771µs, application-code: 259ms)
 GET /api/wallet/balances?address=0xd8dA6BF26964aF9D7eEd9e03E53415D37aA96045&chain=bsc 401 in 268ms (next.js: 517µs, application-code: 267ms)
 GET /api/wallet/balances?address=0xd8dA6BF26964aF9D7eEd9e03E53415D37aA96045&chain=arbitrum 401 in 254ms (next.js: 550µs, application-code: 254ms)
 GET /api/wallet/balances?address=0xd8dA6BF26964aF9D7eEd9e03E53415D37aA96045&chain=base 401 in 296ms (next.js: 825µs, application-code: 295ms)
 GET /api/wallet/balances?address=0xd8dA6BF26964aF9D7eEd9e03E53415D37aA96045&chain=bsc 401 in 236ms (next.js: 626µs, application-code: 235ms)
 GET /api/wallet/balances?address=0xd8dA6BF26964aF9D7eEd9e03E53415D37aA96045&chain=bsc 401 in 307ms (next.js: 820µs, application-code: 306ms)
 GET /api/wallet/balances?address=0xd8dA6BF26964aF9D7eEd9e03E53415D37aA96045&chain=polygon 401 in 263ms (next.js: 757µs, application-code: 262ms)
 GET /api/wallet/balances?address=0xd8dA6BF26964aF9D7eEd9e03E53415D37aA96045&chain=polygon 401 in 258ms (next.js: 698µs, application-code: 257ms)
 GET /api/wallet/balances?address=0xd8dA6BF26964aF9D7eEd9e03E53415D37aA96045&chain=bsc 401 in 289ms (next.js: 741µs, application-code: 289ms)
 GET /api/wallet/balances?address=0xd8dA6BF26964aF9D7eEd9e03E53415D37aA96045&chain=bsc 401 in 358ms (next.js: 623µs, application-code: 358ms)
 OPTIONS /api/ai/analyze 405 in 3ms (next.js: 932µs, application-code: 1685µs)
 OPTIONS /api/ai/analyze 405 in 2ms (next.js: 691µs, application-code: 1548µs)
 GET /api/wallet/balances?address=0x1af0616b41f82848045ae3586c78d3d83702451e&chain=eth 401 in 298ms (next.js: 761µs, application-code: 297ms)
 GET /api/wallet/balances?address=0x1af0616b41f82848045ae3586c78d3d83702451e&chain=arbitrum 401 in 302ms (next.js: 582µs, application-code: 302ms)
 GET /api/wallet/balances?address=0x1af0616b41f82848045ae3586c78d3d83702451e&chain=bsc 401 in 305ms (next.js: 603µs, application-code: 304ms)
 GET /api/wallet/balances?address=0x1af0616b41f82848045ae3586c78d3d83702451e&chain=base 401 in 301ms (next.js: 594µs, application-code: 300ms)
 GET /api/security/scan?address=0x1af0616b41f82848045ae3586c78d3d83702451e&chain=eth 401 in 297ms (next.js: 1190µs, application-code: 296ms)
 GET /api/wallet/balances?address=0x1af0616b41f82848045ae3586c78d3d83702451e&chain=polygon 401 in 366ms (next.js: 597µs, application-code: 366ms)
 GET /api/wallet/balances?address=0x1af0616b41f82848045ae3586c78d3d83702451e&chain=eth 401 in 254ms (next.js: 955µs, application-code: 253ms)
 GET /api/wallet/balances?address=0x1af0616b41f82848045ae3586c78d3d83702451e&chain=arbitrum 401 in 261ms (next.js: 762µs, application-code: 260ms)
 GET /api/wallet/balances?address=0x1af0616b41f82848045ae3586c78d3d83702451e&chain=bsc 401 in 281ms (next.js: 703µs, application-code: 280ms)
 GET /api/wallet/balances?address=0x1af0616b41f82848045ae3586c78d3d83702451e&chain=base 401 in 275ms (next.js: 870µs, application-code: 274ms)
 GET /api/security/scan?address=0x1af0616b41f82848045ae3586c78d3d83702451e&chain=eth 401 in 283ms (next.js: 1068µs, application-code: 282ms)
 GET /api/wallet/balances?address=0x1af0616b41f82848045ae3586c78d3d83702451e&chain=polygon 401 in 309ms (next.js: 630µs, application-code: 309ms)
 OPTIONS /api/ai/analyze 405 in 3ms (next.js: 921µs, application-code: 1875µs)
 OPTIONS /api/ai/analyze 405 in 2ms (next.js: 656µs, application-code: 1602µs)
 GET /api/security/scan?address=0x1af0616b41f82848045ae3586c78d3d83702451e&chain=eth 401 in 239ms (next.js: 976µs, application-code: 238ms)
 GET /api/wallet/balances?address=0x1af0616b41f82848045ae3586c78d3d83702451e&chain=bsc 401 in 298ms (next.js: 600µs, application-code: 298ms)
 GET /api/wallet/balances?address=0x1af0616b41f82848045ae3586c78d3d83702451e&chain=base 401 in 292ms (next.js: 1130µs, application-code: 291ms)
 GET /api/wallet/balances?address=0x1af0616b41f82848045ae3586c78d3d83702451e&chain=arbitrum 401 in 304ms (next.js: 654µs, application-code: 304ms)
 GET /api/wallet/balances?address=0x1af0616b41f82848045ae3586c78d3d83702451e&chain=eth 401 in 317ms (next.js: 545µs, application-code: 317ms)
 GET /api/wallet/balances?address=0x1af0616b41f82848045ae3586c78d3d83702451e&chain=polygon 401 in 254ms (next.js: 963µs, application-code: 253ms)
 GET /api/wallet/balances?address=0x1af0616b41f82848045ae3586c78d3d83702451e&chain=arbitrum 401 in 248ms (next.js: 1316µs, application-code: 247ms)
 GET /api/security/scan?address=0x1af0616b41f82848045ae3586c78d3d83702451e&chain=eth 401 in 249ms (next.js: 1106µs, application-code: 248ms)
 GET /api/wallet/balances?address=0x1af0616b41f82848045ae3586c78d3d83702451e&chain=bsc 401 in 275ms (next.js: 1338µs, application-code: 274ms)
 GET /api/wallet/balances?address=0x1af0616b41f82848045ae3586c78d3d83702451e&chain=base 401 in 303ms (next.js: 1317µs, application-code: 302ms)
 GET /api/wallet/balances?address=0x1af0616b41f82848045ae3586c78d3d83702451e&chain=polygon 401 in 246ms (next.js: 1356µs, application-code: 245ms)
 GET /api/wallet/balances?address=0x1af0616b41f82848045ae3586c78d3d83702451e&chain=eth 401 in 367ms (next.js: 1096µs, application-code: 366ms)
 OPTIONS /api/ai/analyze 405 in 12ms (next.js: 4ms, application-code: 8ms)
 OPTIONS /api/ai/analyze 405 in 10ms (next.js: 3ms, application-code: 7ms)
 GET /api/security/scan?address=0x1af0616b41f82848045ae3586c78d3d83702451e&chain=eth 401 in 286ms (next.js: 1270µs, application-code: 285ms)
 GET /api/wallet/balances?address=0x1af0616b41f82848045ae3586c78d3d83702451e&chain=polygon 401 in 243ms (next.js: 857µs, application-code: 242ms)
 GET /api/wallet/balances?address=0x1af0616b41f82848045ae3586c78d3d83702451e&chain=eth 401 in 259ms (next.js: 1929µs, application-code: 257ms)
 GET /api/wallet/balances?address=0x1af0616b41f82848045ae3586c78d3d83702451e&chain=bsc 401 in 266ms (next.js: 755µs, application-code: 266ms)
 GET /api/wallet/balances?address=0x1af0616b41f82848045ae3586c78d3d83702451e&chain=arbitrum 401 in 314ms (next.js: 1896µs, application-code: 312ms)
 GET /api/wallet/balances?address=0x1af0616b41f82848045ae3586c78d3d83702451e&chain=base 401 in 315ms (next.js: 1334µs, application-code: 314ms)
 GET /api/security/scan?address=0x1af0616b41f82848045ae3586c78d3d83702451e&chain=eth 401 in 358ms (next.js: 1466µs, application-code: 357ms)
 GET /api/wallet/balances?address=0x1af0616b41f82848045ae3586c78d3d83702451e&chain=bsc 401 in 347ms (next.js: 761µs, application-code: 347ms)
 GET /api/wallet/balances?address=0x1af0616b41f82848045ae3586c78d3d83702451e&chain=polygon 401 in 306ms (next.js: 1150µs, application-code: 305ms)
 GET /api/wallet/balances?address=0x1af0616b41f82848045ae3586c78d3d83702451e&chain=arbitrum 401 in 307ms (next.js: 1190µs, application-code: 306ms)
 GET /api/wallet/balances?address=0x1af0616b41f82848045ae3586c78d3d83702451e&chain=base 401 in 309ms (next.js: 1226µs, application-code: 307ms)
 GET /api/wallet/balances?address=0x1af0616b41f82848045ae3586c78d3d83702451e&chain=eth 401 in 370ms (next.js: 955µs, application-code: 369ms)
 GET /api/wallet/balances?address=0x1af0616b41f82848045ae3586c78d3d83702451e&chain=polygon 401 in 255ms (next.js: 2ms, application-code: 252ms)
 GET /api/wallet/balances?address=0x1af0616b41f82848045ae3586c78d3d83702451e&chain=bsc 401 in 255ms (next.js: 2ms, application-code: 253ms)
 GET /api/wallet/balances?address=0x1af0616b41f82848045ae3586c78d3d83702451e&chain=base 401 in 277ms (next.js: 1230µs, application-code: 276ms)
 GET /api/wallet/balances?address=0x1af0616b41f82848045ae3586c78d3d83702451e&chain=eth 401 in 346ms (next.js: 2ms, application-code: 344ms)
 GET /api/wallet/balances?address=0x1af0616b41f82848045ae3586c78d3d83702451e&chain=arbitrum 401 in 347ms (next.js: 2ms, application-code: 345ms)
 GET /api/wallet/balances?address=0x1af0616b41f82848045ae3586c78d3d83702451e&chain=polygon 401 in 298ms (next.js: 1270µs, application-code: 297ms)
 GET /api/wallet/balances?address=0x1af0616b41f82848045ae3586c78d3d83702451e&chain=base 401 in 292ms (next.js: 1018µs, application-code: 291ms)
 GET /api/wallet/balances?address=0x1af0616b41f82848045ae3586c78d3d83702451e&chain=arbitrum 401 in 244ms (next.js: 702µs, application-code: 243ms)
 GET /api/wallet/balances?address=0x1af0616b41f82848045ae3586c78d3d83702451e&chain=bsc 401 in 344ms (next.js: 1274µs, application-code: 343ms)
 GET /api/wallet/balances?address=0x1af0616b41f82848045ae3586c78d3d83702451e&chain=eth 401 in 304ms (next.js: 582µs, application-code: 304ms)
 GET /api/wallet/balances?address=0x1af0616b41f82848045ae3586c78d3d83702451e&chain=bsc 401 in 295ms (next.js: 1320µs, application-code: 293ms)
 GET /api/wallet/balances?address=0x1af0616b41f82848045ae3586c78d3d83702451e&chain=polygon 401 in 297ms (next.js: 1305µs, application-code: 295ms)
 GET /api/wallet/balances?address=0x1af0616b41f82848045ae3586c78d3d83702451e&chain=base 401 in 290ms (next.js: 719µs, application-code: 290ms)
 GET /api/wallet/balances?address=0x1af0616b41f82848045ae3586c78d3d83702451e&chain=eth 401 in 268ms (next.js: 3ms, application-code: 265ms)
 GET /api/wallet/balances?address=0x1af0616b41f82848045ae3586c78d3d83702451e&chain=arbitrum 401 in 341ms (next.js: 3ms, application-code: 337ms)
 GET /api/wallet/balances?address=0x1af0616b41f82848045ae3586c78d3d83702451e&chain=polygon 401 in 257ms (next.js: 936µs, application-code: 256ms)
 GET /api/wallet/balances?address=0x1af0616b41f82848045ae3586c78d3d83702451e&chain=bsc 401 in 239ms (next.js: 1207µs, application-code: 238ms)
 GET /api/wallet/balances?address=0x1af0616b41f82848045ae3586c78d3d83702451e&chain=base 401 in 269ms (next.js: 950µs, application-code: 268ms)
 GET /api/wallet/balances?address=0x1af0616b41f82848045ae3586c78d3d83702451e&chain=eth 401 in 298ms (next.js: 554µs, application-code: 297ms)
 GET /api/wallet/balances?address=0x1af0616b41f82848045ae3586c78d3d83702451e&chain=arbitrum 401 in 269ms (next.js: 892µs, application-code: 269ms)
 GET /api/wallet/balances?address=0x1af0616b41f82848045ae3586c78d3d83702451e&chain=polygon 401 in 319ms (next.js: 1308µs, application-code: 318ms)
 GET /api/wallet/balances?address=0x1af0616b41f82848045ae3586c78d3d83702451e&chain=eth 401 in 288ms (next.js: 725µs, application-code: 288ms)
 GET /api/wallet/balances?address=0x1af0616b41f82848045ae3586c78d3d83702451e&chain=bsc 401 in 323ms (next.js: 1296µs, application-code: 322ms)
 GET /api/wallet/balances?address=0x1af0616b41f82848045ae3586c78d3d83702451e&chain=base 401 in 325ms (next.js: 1313µs, application-code: 324ms)
 GET /api/wallet/balances?address=0x1af0616b41f82848045ae3586c78d3d83702451e&chain=arbitrum 401 in 240ms (next.js: 981µs, application-code: 239ms)
 GET /api/wallet/balances?address=0x1af0616b41f82848045ae3586c78d3d83702451e&chain=eth 401 in 258ms (next.js: 572µs, application-code: 258ms)
 GET /api/wallet/balances?address=0x1af0616b41f82848045ae3586c78d3d83702451e&chain=arbitrum 401 in 245ms (next.js: 526µs, application-code: 245ms)
 GET /api/wallet/balances?address=0x1af0616b41f82848045ae3586c78d3d83702451e&chain=polygon 401 in 311ms (next.js: 1209µs, application-code: 309ms)
 GET /api/wallet/balances?address=0x1af0616b41f82848045ae3586c78d3d83702451e&chain=bsc 401 in 312ms (next.js: 1196µs, application-code: 311ms)
 GET /api/wallet/balances?address=0x1af0616b41f82848045ae3586c78d3d83702451e&chain=base 401 in 315ms (next.js: 1219µs, application-code: 313ms)
 GET /api/security/scan?address=0x1af0616b41f82848045ae3586c78d3d83702451e&chain=eth 401 in 290ms (next.js: 866µs, application-code: 289ms)
 GET /api/security/scan?address=0x1af0616b41f82848045ae3586c78d3d83702451e&chain=eth 401 in 250ms (next.js: 809µs, application-code: 249ms)
 GET /api/security/scan?address=0x1af0616b41f82848045ae3586c78d3d83702451e&chain=eth 401 in 250ms (next.js: 1028µs, application-code: 249ms)
 GET /api/security/scan?address=0x1af0616b41f82848045ae3586c78d3d83702451e&chain=eth 401 in 312ms (next.js: 1994µs, application-code: 310ms)
 GET /api/security/scan?address=0x1af0616b41f82848045ae3586c78d3d83702451e&chain=eth 401 in 272ms (next.js: 746µs, application-code: 271ms)
 GET /api/security/scan?address=0x1af0616b41f82848045ae3586c78d3d83702451e&chain=eth 401 in 269ms (next.js: 936µs, application-code: 269ms)
